Using pre-set license
Built from '2022.3/staging' branch; Version is '2022.3.16f1 (d2c21f0ef2f1) revision 13812255'; Using compiler version '192829333'; Build Type 'Release'
OS: 'Windows 10  (10.0.19045) 64bit Core' Language: 'pl' Physical Memory: 65470 MB
BatchMode: 1, IsHumanControllingUs: 0, StartBugReporterOnCrash: 0, Is64bit: 1, IsPro: 1

COMMAND LINE ARGUMENTS:
E:\UUnity\2022.3.16f1\Editor\Unity.exe
-adb2
-batchMode
-noUpm
-name
AssetImportWorker10
-projectPath
E:/FastaPasta/FastPastaProject/FastaPastaProject
-logFile
Logs/AssetImportWorker10.log
-srvPort
64845
Successfully changed project path to: E:/FastaPasta/FastPastaProject/FastaPastaProject
E:/FastaPasta/FastPastaProject/FastaPastaProject
[UnityMemory] Configuration Parameters - Can be set up in boot.config
    "memorysetup-bucket-allocator-granularity=16"
    "memorysetup-bucket-allocator-bucket-count=8"
    "memorysetup-bucket-allocator-block-size=33554432"
    "memorysetup-bucket-allocator-block-count=8"
    "memorysetup-main-allocator-block-size=16777216"
    "memorysetup-thread-allocator-block-size=16777216"
    "memorysetup-gfx-main-allocator-block-size=16777216"
    "memorysetup-gfx-thread-allocator-block-size=16777216"
    "memorysetup-cache-allocator-block-size=4194304"
    "memorysetup-typetree-allocator-block-size=2097152"
    "memorysetup-profiler-bucket-allocator-granularity=16"
    "memorysetup-profiler-bucket-allocator-bucket-count=8"
    "memorysetup-profiler-bucket-allocator-block-size=33554432"
    "memorysetup-profiler-bucket-allocator-block-count=8"
    "memorysetup-profiler-allocator-block-size=16777216"
    "memorysetup-profiler-editor-allocator-block-size=1048576"
    "memorysetup-temp-allocator-size-main=16777216"
    "memorysetup-job-temp-allocator-block-size=2097152"
    "memorysetup-job-temp-allocator-block-size-background=1048576"
    "memorysetup-job-temp-allocator-reduction-small-platforms=262144"
    "memorysetup-allocator-temp-initial-block-size-main=262144"
    "memorysetup-allocator-temp-initial-block-size-worker=262144"
    "memorysetup-temp-allocator-size-background-worker=32768"
    "memorysetup-temp-allocator-size-job-worker=262144"
    "memorysetup-temp-allocator-size-preload-manager=33554432"
    "memorysetup-temp-allocator-size-nav-mesh-worker=65536"
    "memorysetup-temp-allocator-size-audio-worker=65536"
    "memorysetup-temp-allocator-size-cloud-worker=32768"
    "memorysetup-temp-allocator-size-gi-baking-worker=262144"
    "memorysetup-temp-allocator-size-gfx=262144"
Player connection [61556] Host "[IP] 192.168.1.15 [Port] 0 [Flags] 2 [Guid] 1626465178 [EditorId] 1626465178 [Version] 1048832 [Id] WindowsEditor(7,DESKTOP-5GUM9UO) [Debug] 1 [PackageName] WindowsEditor [ProjectName] Editor" joined multi-casting on [225.0.0.222:54997]...

Player connection [61556] Host "[IP] 192.168.1.15 [Port] 0 [Flags] 2 [Guid] 1626465178 [EditorId] 1626465178 [Version] 1048832 [Id] WindowsEditor(7,DESKTOP-5GUM9UO) [Debug] 1 [PackageName] WindowsEditor [ProjectName] Editor" joined alternative multi-casting on [225.0.0.222:34997]...

[Physics::Module] Initialized MultithreadedJobDispatcher with 15 workers.
Refreshing native plugins compatible for Editor in 6.36 ms, found 3 plugins.
Preloading 0 native plugins for Editor in 0.00 ms.
Initialize engine version: 2022.3.16f1 (d2c21f0ef2f1)
[Subsystems] Discovering subsystems at path E:/UUnity/2022.3.16f1/Editor/Data/Resources/UnitySubsystems
[Subsystems] Discovering subsystems at path E:/FastaPasta/FastPastaProject/FastaPastaProject/Assets
GfxDevice: creating device client; threaded=0; jobified=0
Direct3D:
    Version:  Direct3D 11.0 [level 11.1]
    Renderer: NVIDIA GeForce RTX 3070 Ti (ID=0x2482)
    Vendor:   NVIDIA
    VRAM:     8031 MB
    Driver:   31.0.15.3734
Initialize mono
Mono path[0] = 'E:/UUnity/2022.3.16f1/Editor/Data/Managed'
Mono path[1] = 'E:/UUnity/2022.3.16f1/Editor/Data/MonoBleedingEdge/lib/mono/unityjit-win32'
Mono config path = 'E:/UUnity/2022.3.16f1/Editor/Data/MonoBleedingEdge/etc'
Using monoOptions --debugger-agent=transport=dt_socket,embedding=1,server=y,suspend=n,address=127.0.0.1:56208
Begin MonoManager ReloadAssembly
Registering precompiled unity dll's ...
Register platform support module: E:/UUnity/2022.3.16f1/Editor/Data/PlaybackEngines/AndroidPlayer/UnityEditor.Android.Extensions.dll
Register platform support module: E:/UUnity/2022.3.16f1/Editor/Data/PlaybackEngines/iOSSupport/UnityEditor.iOS.Extensions.dll
Register platform support module: E:/UUnity/2022.3.16f1/Editor/Data/PlaybackEngines/WindowsStandaloneSupport/UnityEditor.WindowsStandalone.Extensions.dll
Registered in 0.004884 seconds.
- Loaded All Assemblies, in  0.342 seconds
Native extension for WindowsStandalone target not found
[usbmuxd] Start listen thread
[usbmuxd] Listen thread started
Native extension for iOS target not found
Native extension for Android target not found
Android Extension - Scanning For ADB Devices 223 ms
Mono: successfully reloaded assembly
- Finished resetting the current domain, in  0.512 seconds
Domain Reload Profiling: 853ms
	BeginReloadAssembly (117ms)
		ExecutionOrderSort (0ms)
		DisableScriptedObjects (0ms)
		BackupInstance (0ms)
		ReleaseScriptingObjects (0ms)
		CreateAndSetChildDomain (1ms)
	RebuildCommonClasses (36ms)
	RebuildNativeTypeToScriptingClass (14ms)
	initialDomainReloadingComplete (49ms)
	LoadAllAssembliesAndSetupDomain (125ms)
		LoadAssemblies (117ms)
		RebuildTransferFunctionScriptingTraits (0ms)
		AnalyzeDomain (122ms)
			TypeCache.Refresh (120ms)
				TypeCache.ScanAssembly (108ms)
			ScanForSourceGeneratedMonoScriptInfo (0ms)
			ResolveRequiredComponents (0ms)
	FinalizeReload (512ms)
		ReleaseScriptCaches (0ms)
		RebuildScriptCaches (0ms)
		SetupLoadedEditorAssemblies (465ms)
			LogAssemblyErrors (0ms)
			InitializePlatformSupportModulesInManaged (329ms)
			SetLoadedEditorAssemblies (3ms)
			RefreshPlugins (0ms)
			BeforeProcessingInitializeOnLoad (2ms)
			ProcessInitializeOnLoadAttributes (91ms)
			ProcessInitializeOnLoadMethodAttributes (40ms)
			AfterProcessingInitializeOnLoad (0ms)
			EditorAssembliesLoaded (0ms)
		ExecutionOrderSort2 (0ms)
		AwakeInstancesAfterBackupRestoration (0ms)
========================================================================
Worker process is ready to serve import requests
Begin MonoManager ReloadAssembly
- Loaded All Assemblies, in  0.539 seconds
Refreshing native plugins compatible for Editor in 2.11 ms, found 3 plugins.
Native extension for WindowsStandalone target not found
Native extension for iOS target not found
Native extension for Android target not found
Package Manager log level set to [2]
[Package Manager] Server::EnsureServerProcessIsRunning -- launch failed, reason: Unity was launched with the -noUpm command-line argument
[Package Manager] UpmClient::Send -- Unable to send message (not connected to UPM process).
[Package Manager] Cannot connect to Unity Package Manager local server
Mono: successfully reloaded assembly
- Finished resetting the current domain, in  0.756 seconds
Domain Reload Profiling: 1294ms
	BeginReloadAssembly (114ms)
		ExecutionOrderSort (0ms)
		DisableScriptedObjects (4ms)
		BackupInstance (0ms)
		ReleaseScriptingObjects (0ms)
		CreateAndSetChildDomain (18ms)
	RebuildCommonClasses (28ms)
	RebuildNativeTypeToScriptingClass (9ms)
	initialDomainReloadingComplete (30ms)
	LoadAllAssembliesAndSetupDomain (357ms)
		LoadAssemblies (221ms)
		RebuildTransferFunctionScriptingTraits (0ms)
		AnalyzeDomain (201ms)
			TypeCache.Refresh (171ms)
				TypeCache.ScanAssembly (155ms)
			ScanForSourceGeneratedMonoScriptInfo (19ms)
			ResolveRequiredComponents (9ms)
	FinalizeReload (756ms)
		ReleaseScriptCaches (0ms)
		RebuildScriptCaches (0ms)
		SetupLoadedEditorAssemblies (603ms)
			LogAssemblyErrors (0ms)
			InitializePlatformSupportModulesInManaged (24ms)
			SetLoadedEditorAssemblies (3ms)
			RefreshPlugins (0ms)
			BeforeProcessingInitializeOnLoad (55ms)
			ProcessInitializeOnLoadAttributes (473ms)
			ProcessInitializeOnLoadMethodAttributes (45ms)
			AfterProcessingInitializeOnLoad (2ms)
			EditorAssembliesLoaded (0ms)
		ExecutionOrderSort2 (0ms)
		AwakeInstancesAfterBackupRestoration (4ms)
Launched and connected shader compiler UnityShaderCompiler.exe after 0.03 seconds
Refreshing native plugins compatible for Editor in 2.01 ms, found 3 plugins.
Preloading 0 native plugins for Editor in 0.00 ms.
Unloading 5497 Unused Serialized files (Serialized files now loaded: 0)
Unloading 94 unused Assets / (0.8 MB). Loaded Objects now: 5968.
Memory consumption went from 236.5 MB to 235.7 MB.
Total: 3.626200 ms (FindLiveObjects: 0.434500 ms CreateObjectMapping: 0.369000 ms MarkObjects: 2.489400 ms  DeleteObjects: 0.332700 ms)

AssetImportParameters requested are different than current active one (requested -> active):
  custom:container-demuxer-ogg: 62fdf1f143b41e24485cea50d1cbac27 -> 
  custom:video-decoder-ogg-theora: a1e56fd34408186e4bbccfd4996cb3dc -> 
  custom:scripting/monoscript/fileName/SunShafts.cs: 31257fc068328e8e0dff64f822e0c6f9 -> 
  custom:framework-win-MediaFoundation: 216162199b28c13a410421893ffa2e32 -> 
  custom:scripting/monoscript/fileName/Quads.cs: 50c5a46c819479851957e6c0fb9a8afd -> 
  custom:scripting/monoscript/fileName/PostEffectsBase.cs: 697d34e852ed8e89825eca325facedb6 -> 
  custom:CustomObjectIndexerAttribute: 4d1d7186bcbbfe361de5f0ad951e585c -> 
  custom:container-demuxer-webm: 4f35f7cbe854078d1ac9338744f61a02 -> 
  custom:container-muxer-webm: aa71ff27fc2769a1b78a27578f13a17b -> 
  custom:video-decoder-webm-vp8: 9c59270c3fd7afecdb556c50c9e8de78 -> 
  custom:SearchIndexIgnoredProperties: e643bd26f0fe6173181afceb89e7c659 -> 
  custom:AudioImporter_EditorPlatform: d09bf68614088b80899f8185d706f6e7 -> 
  custom:video-encoder-webm-vp8: eb34c28f22e8b96e1ab97ce403110664 -> 
  custom:audio-decoder-ogg-vorbis: bf7c407c2cedff20999df2af8eb42d56 -> 
  custom:scripting/monoscript/fileName/FlyCamera.cs: 898955e7b90b29d947242f2deeb34628 -> 
  custom:audio-encoder-webm-vorbis: bf7c407c2cedff20999df2af8eb42d56 -> 
========================================================================
Received Prepare
Begin MonoManager ReloadAssembly
- Loaded All Assemblies, in  0.373 seconds
Refreshing native plugins compatible for Editor in 2.18 ms, found 3 plugins.
Native extension for WindowsStandalone target not found
Native extension for iOS target not found
Native extension for Android target not found
[Package Manager] Server::EnsureServerProcessIsRunning -- launch failed, reason: Unity was launched with the -noUpm command-line argument
[Package Manager] UpmClient::Send -- Unable to send message (not connected to UPM process).
[Package Manager] Cannot connect to Unity Package Manager local server
Mono: successfully reloaded assembly
- Finished resetting the current domain, in  1.098 seconds
Domain Reload Profiling: 1471ms
	BeginReloadAssembly (141ms)
		ExecutionOrderSort (0ms)
		DisableScriptedObjects (4ms)
		BackupInstance (0ms)
		ReleaseScriptingObjects (0ms)
		CreateAndSetChildDomain (35ms)
	RebuildCommonClasses (35ms)
	RebuildNativeTypeToScriptingClass (10ms)
	initialDomainReloadingComplete (20ms)
	LoadAllAssembliesAndSetupDomain (166ms)
		LoadAssemblies (220ms)
		RebuildTransferFunctionScriptingTraits (0ms)
		AnalyzeDomain (21ms)
			TypeCache.Refresh (8ms)
				TypeCache.ScanAssembly (0ms)
			ScanForSourceGeneratedMonoScriptInfo (0ms)
			ResolveRequiredComponents (12ms)
	FinalizeReload (1099ms)
		ReleaseScriptCaches (0ms)
		RebuildScriptCaches (0ms)
		SetupLoadedEditorAssemblies (619ms)
			LogAssemblyErrors (0ms)
			InitializePlatformSupportModulesInManaged (24ms)
			SetLoadedEditorAssemblies (2ms)
			RefreshPlugins (0ms)
			BeforeProcessingInitializeOnLoad (64ms)
			ProcessInitializeOnLoadAttributes (475ms)
			ProcessInitializeOnLoadMethodAttributes (50ms)
			AfterProcessingInitializeOnLoad (2ms)
			EditorAssembliesLoaded (0ms)
		ExecutionOrderSort2 (0ms)
		AwakeInstancesAfterBackupRestoration (13ms)
Refreshing native plugins compatible for Editor in 2.17 ms, found 3 plugins.
Preloading 0 native plugins for Editor in 0.00 ms.
Unloading 5337 Unused Serialized files (Serialized files now loaded: 0)
Unloading 52 unused Assets / (0.8 MB). Loaded Objects now: 5984.
Memory consumption went from 210.5 MB to 209.7 MB.
Total: 4.581600 ms (FindLiveObjects: 0.506200 ms CreateObjectMapping: 0.564200 ms MarkObjects: 3.095100 ms  DeleteObjects: 0.415100 ms)

Prepare: number of updated asset objects reloaded= 0
AssetImportParameters requested are different than current active one (requested -> active):
  custom:container-demuxer-ogg: 62fdf1f143b41e24485cea50d1cbac27 -> 
  custom:video-decoder-ogg-theora: a1e56fd34408186e4bbccfd4996cb3dc -> 
  custom:scripting/monoscript/fileName/SunShafts.cs: 31257fc068328e8e0dff64f822e0c6f9 -> 
  custom:framework-win-MediaFoundation: 216162199b28c13a410421893ffa2e32 -> 
  custom:scripting/monoscript/fileName/Quads.cs: 50c5a46c819479851957e6c0fb9a8afd -> 
  custom:scripting/monoscript/fileName/PostEffectsBase.cs: 697d34e852ed8e89825eca325facedb6 -> 
  custom:CustomObjectIndexerAttribute: 4d1d7186bcbbfe361de5f0ad951e585c -> 
  custom:container-demuxer-webm: 4f35f7cbe854078d1ac9338744f61a02 -> 
  custom:container-muxer-webm: aa71ff27fc2769a1b78a27578f13a17b -> 
  custom:video-decoder-webm-vp8: 9c59270c3fd7afecdb556c50c9e8de78 -> 
  custom:SearchIndexIgnoredProperties: e643bd26f0fe6173181afceb89e7c659 -> 
  custom:AudioImporter_EditorPlatform: d09bf68614088b80899f8185d706f6e7 -> 
  custom:video-encoder-webm-vp8: eb34c28f22e8b96e1ab97ce403110664 -> 
  custom:audio-decoder-ogg-vorbis: bf7c407c2cedff20999df2af8eb42d56 -> 
  custom:scripting/monoscript/fileName/FlyCamera.cs: 898955e7b90b29d947242f2deeb34628 -> 
  custom:audio-encoder-webm-vorbis: bf7c407c2cedff20999df2af8eb42d56 -> 
========================================================================
Received Prepare
Begin MonoManager ReloadAssembly
- Loaded All Assemblies, in  0.353 seconds
Refreshing native plugins compatible for Editor in 2.44 ms, found 3 plugins.
Native extension for WindowsStandalone target not found
Native extension for iOS target not found
Native extension for Android target not found
[Package Manager] Server::EnsureServerProcessIsRunning -- launch failed, reason: Unity was launched with the -noUpm command-line argument
[Package Manager] UpmClient::Send -- Unable to send message (not connected to UPM process).
[Package Manager] Cannot connect to Unity Package Manager local server
Mono: successfully reloaded assembly
- Finished resetting the current domain, in  1.067 seconds
Domain Reload Profiling: 1420ms
	BeginReloadAssembly (137ms)
		ExecutionOrderSort (0ms)
		DisableScriptedObjects (4ms)
		BackupInstance (0ms)
		ReleaseScriptingObjects (0ms)
		CreateAndSetChildDomain (39ms)
	RebuildCommonClasses (27ms)
	RebuildNativeTypeToScriptingClass (10ms)
	initialDomainReloadingComplete (20ms)
	LoadAllAssembliesAndSetupDomain (158ms)
		LoadAssemblies (203ms)
		RebuildTransferFunctionScriptingTraits (0ms)
		AnalyzeDomain (21ms)
			TypeCache.Refresh (7ms)
				TypeCache.ScanAssembly (0ms)
			ScanForSourceGeneratedMonoScriptInfo (0ms)
			ResolveRequiredComponents (13ms)
	FinalizeReload (1068ms)
		ReleaseScriptCaches (0ms)
		RebuildScriptCaches (0ms)
		SetupLoadedEditorAssemblies (585ms)
			LogAssemblyErrors (0ms)
			InitializePlatformSupportModulesInManaged (24ms)
			SetLoadedEditorAssemblies (2ms)
			RefreshPlugins (0ms)
			BeforeProcessingInitializeOnLoad (62ms)
			ProcessInitializeOnLoadAttributes (449ms)
			ProcessInitializeOnLoadMethodAttributes (45ms)
			AfterProcessingInitializeOnLoad (3ms)
			EditorAssembliesLoaded (0ms)
		ExecutionOrderSort2 (0ms)
		AwakeInstancesAfterBackupRestoration (12ms)
Refreshing native plugins compatible for Editor in 2.26 ms, found 3 plugins.
Preloading 0 native plugins for Editor in 0.00 ms.
Unloading 5337 Unused Serialized files (Serialized files now loaded: 0)
Unloading 52 unused Assets / (0.8 MB). Loaded Objects now: 6000.
Memory consumption went from 212.0 MB to 211.2 MB.
Total: 4.307900 ms (FindLiveObjects: 0.423900 ms CreateObjectMapping: 0.432900 ms MarkObjects: 3.115800 ms  DeleteObjects: 0.334200 ms)

Prepare: number of updated asset objects reloaded= 0
AssetImportParameters requested are different than current active one (requested -> active):
  custom:container-demuxer-ogg: 62fdf1f143b41e24485cea50d1cbac27 -> 
  custom:video-decoder-ogg-theora: a1e56fd34408186e4bbccfd4996cb3dc -> 
  custom:scripting/monoscript/fileName/SunShafts.cs: 31257fc068328e8e0dff64f822e0c6f9 -> 
  custom:framework-win-MediaFoundation: 216162199b28c13a410421893ffa2e32 -> 
  custom:scripting/monoscript/fileName/Quads.cs: 50c5a46c819479851957e6c0fb9a8afd -> 
  custom:scripting/monoscript/fileName/PostEffectsBase.cs: 697d34e852ed8e89825eca325facedb6 -> 
  custom:CustomObjectIndexerAttribute: 4d1d7186bcbbfe361de5f0ad951e585c -> 
  custom:container-demuxer-webm: 4f35f7cbe854078d1ac9338744f61a02 -> 
  custom:container-muxer-webm: aa71ff27fc2769a1b78a27578f13a17b -> 
  custom:video-decoder-webm-vp8: 9c59270c3fd7afecdb556c50c9e8de78 -> 
  custom:SearchIndexIgnoredProperties: e643bd26f0fe6173181afceb89e7c659 -> 
  custom:AudioImporter_EditorPlatform: d09bf68614088b80899f8185d706f6e7 -> 
  custom:video-encoder-webm-vp8: eb34c28f22e8b96e1ab97ce403110664 -> 
  custom:audio-decoder-ogg-vorbis: bf7c407c2cedff20999df2af8eb42d56 -> 
  custom:scripting/monoscript/fileName/FlyCamera.cs: 898955e7b90b29d947242f2deeb34628 -> 
  custom:audio-encoder-webm-vorbis: bf7c407c2cedff20999df2af8eb42d56 -> 
========================================================================
Received Import Request.
  Time since last request: 2627950.590914 seconds.
  path: Assets/AssetStore/SimplePoly - Town Pack/Prefabs/Props/sptp_air_conditioning_01.prefab
  artifactKey: Guid(84cd3f7c8273a1a459bc62834ebb2837) Importer(815301076,1909f56bfc062723c751e8b465ee728b)
Start importing Assets/AssetStore/SimplePoly - Town Pack/Prefabs/Props/sptp_air_conditioning_01.prefab using Guid(84cd3f7c8273a1a459bc62834ebb2837) Importer(815301076,1909f56bfc062723c751e8b465ee728b)  -> (artifact id: '9e4f050850503279cf70abca6e2a3b75') in 0.326038 seconds
Number of updated asset objects reloaded before import = 0
Number of asset objects unloaded after import = 29
========================================================================
Received Import Request.
  Time since last request: 0.000033 seconds.
  path: Assets/AssetStore/SimplePoly - Town Pack/Prefabs/Props/sptp_air_conditioning_04.prefab
  artifactKey: Guid(38cfb67b87a91c74780f71a3ef91247f) Importer(815301076,1909f56bfc062723c751e8b465ee728b)
Start importing Assets/AssetStore/SimplePoly - Town Pack/Prefabs/Props/sptp_air_conditioning_04.prefab using Guid(38cfb67b87a91c74780f71a3ef91247f) Importer(815301076,1909f56bfc062723c751e8b465ee728b)  -> (artifact id: '55f8cea3620cec9ffc37d26ab164897f') in 0.042494 seconds
Number of updated asset objects reloaded before import = 0
Number of asset objects unloaded after import = 22
========================================================================
Received Import Request.
  Time since last request: 0.000034 seconds.
  path: Assets/AssetStore/SimplePoly - Town Pack/Prefabs/Props/sptp_bin_02.prefab
  artifactKey: Guid(70ea0ba299bdf0a49a2af90f19b23cca) Importer(815301076,1909f56bfc062723c751e8b465ee728b)
Start importing Assets/AssetStore/SimplePoly - Town Pack/Prefabs/Props/sptp_bin_02.prefab using Guid(70ea0ba299bdf0a49a2af90f19b23cca) Importer(815301076,1909f56bfc062723c751e8b465ee728b)  -> (artifact id: '071137861028907e2c28576420af78cc') in 0.040303 seconds
Number of updated asset objects reloaded before import = 0
Number of asset objects unloaded after import = 11
========================================================================
Received Import Request.
  Time since last request: 0.000016 seconds.
  path: Assets/AssetStore/SimplePoly - Town Pack/Prefabs/Props/sptp_billboard_01.prefab
  artifactKey: Guid(2d7ff3605aa9cff4eb8e82f140a295da) Importer(815301076,1909f56bfc062723c751e8b465ee728b)
Start importing Assets/AssetStore/SimplePoly - Town Pack/Prefabs/Props/sptp_billboard_01.prefab using Guid(2d7ff3605aa9cff4eb8e82f140a295da) Importer(815301076,1909f56bfc062723c751e8b465ee728b)  -> (artifact id: 'a45a434c362ebcbe4e1b67bb60c7c38e') in 0.042998 seconds
Number of updated asset objects reloaded before import = 0
Number of asset objects unloaded after import = 11
========================================================================
Received Import Request.
  Time since last request: 0.000022 seconds.
  path: Assets/AssetStore/SimplePoly - Town Pack/Prefabs/Props/sptp_bench_01.prefab
  artifactKey: Guid(4000718aa726f174bb2a1e64ee9190cb) Importer(815301076,1909f56bfc062723c751e8b465ee728b)
Start importing Assets/AssetStore/SimplePoly - Town Pack/Prefabs/Props/sptp_bench_01.prefab using Guid(4000718aa726f174bb2a1e64ee9190cb) Importer(815301076,1909f56bfc062723c751e8b465ee728b)  -> (artifact id: '850ba673689cb228b175c5343e8e66bf') in 0.053399 seconds
Number of updated asset objects reloaded before import = 0
Number of asset objects unloaded after import = 11
========================================================================
Received Import Request.
  Time since last request: 0.000023 seconds.
  path: Assets/AssetStore/SimplePoly - Town Pack/Prefabs/Nature/sptp_tree_02.prefab
  artifactKey: Guid(c0f33eb139fcff34c8de2acd690a23fe) Importer(815301076,1909f56bfc062723c751e8b465ee728b)
Start importing Assets/AssetStore/SimplePoly - Town Pack/Prefabs/Nature/sptp_tree_02.prefab using Guid(c0f33eb139fcff34c8de2acd690a23fe) Importer(815301076,1909f56bfc062723c751e8b465ee728b)  -> (artifact id: '102a4ba214829f7a54b381a87edec4fb') in 0.036579 seconds
Number of updated asset objects reloaded before import = 0
Number of asset objects unloaded after import = 11
========================================================================
Received Import Request.
  Time since last request: 0.000021 seconds.
  path: Assets/AssetStore/SimplePoly - Town Pack/Prefabs/Nature/sptp_stone_01.prefab
  artifactKey: Guid(bb3c6fcb21a1e4b4faa80734a481448b) Importer(815301076,1909f56bfc062723c751e8b465ee728b)
Start importing Assets/AssetStore/SimplePoly - Town Pack/Prefabs/Nature/sptp_stone_01.prefab using Guid(bb3c6fcb21a1e4b4faa80734a481448b) Importer(815301076,1909f56bfc062723c751e8b465ee728b)  -> (artifact id: '4e261d76e93f417558d5ddd2da033c93') in 0.028657 seconds
Number of updated asset objects reloaded before import = 0
Number of asset objects unloaded after import = 11
========================================================================
Received Import Request.
  Time since last request: 0.000025 seconds.
  path: Assets/AssetStore/SimplePoly - Town Pack/Prefabs/Props/sptp_billboard_02.prefab
  artifactKey: Guid(afcb5e8f2ed7ce44ebcb9f16d41ffe1c) Importer(815301076,1909f56bfc062723c751e8b465ee728b)
Start importing Assets/AssetStore/SimplePoly - Town Pack/Prefabs/Props/sptp_billboard_02.prefab using Guid(afcb5e8f2ed7ce44ebcb9f16d41ffe1c) Importer(815301076,1909f56bfc062723c751e8b465ee728b)  -> (artifact id: 'b66516127a765ebb4a2191fa91efff08') in 0.028344 seconds
Number of updated asset objects reloaded before import = 0
Number of asset objects unloaded after import = 11
========================================================================
Received Import Request.
  Time since last request: 0.000023 seconds.
  path: Assets/AssetStore/SimplePoly - Town Pack/Prefabs/Props/sptp_electrical_panel_02.prefab
  artifactKey: Guid(84ead56049a99aa4d88b7860d5907105) Importer(815301076,1909f56bfc062723c751e8b465ee728b)
Start importing Assets/AssetStore/SimplePoly - Town Pack/Prefabs/Props/sptp_electrical_panel_02.prefab using Guid(84ead56049a99aa4d88b7860d5907105) Importer(815301076,1909f56bfc062723c751e8b465ee728b)  -> (artifact id: '5f54e1559438804eb0e166aafd123ea8') in 0.033738 seconds
Number of updated asset objects reloaded before import = 0
Number of asset objects unloaded after import = 11
========================================================================
Received Import Request.
  Time since last request: 0.000025 seconds.
  path: Assets/AssetStore/SimplePoly - Town Pack/Prefabs/Nature/sptp_bush_02.prefab
  artifactKey: Guid(b596eb5af66e89444beac675eae2c3a2) Importer(815301076,1909f56bfc062723c751e8b465ee728b)
Start importing Assets/AssetStore/SimplePoly - Town Pack/Prefabs/Nature/sptp_bush_02.prefab using Guid(b596eb5af66e89444beac675eae2c3a2) Importer(815301076,1909f56bfc062723c751e8b465ee728b)  -> (artifact id: '5545450b1dd564b85a4e1fe80475c91c') in 0.030940 seconds
Number of updated asset objects reloaded before import = 0
Number of asset objects unloaded after import = 11
========================================================================
Received Import Request.
  Time since last request: 0.000019 seconds.
  path: Assets/AssetStore/SimplePoly - Town Pack/Prefabs/Props/sptp_street_light_02.prefab
  artifactKey: Guid(0401a3f0164b9cf40bd8c14f152e69ab) Importer(815301076,1909f56bfc062723c751e8b465ee728b)
Start importing Assets/AssetStore/SimplePoly - Town Pack/Prefabs/Props/sptp_street_light_02.prefab using Guid(0401a3f0164b9cf40bd8c14f152e69ab) Importer(815301076,1909f56bfc062723c751e8b465ee728b)  -> (artifact id: '1fd364db73d391e10d8f599bb5df5445') in 0.035734 seconds
Number of updated asset objects reloaded before import = 0
Number of asset objects unloaded after import = 11
========================================================================
Received Import Request.
  Time since last request: 0.464393 seconds.
  path: Assets/AssetStore/SimplePoly - Town Pack/Prefabs/Buildings/sptp_building_05.prefab
  artifactKey: Guid(376c64c4248da1c478df047404ec6663) Importer(815301076,1909f56bfc062723c751e8b465ee728b)
Start importing Assets/AssetStore/SimplePoly - Town Pack/Prefabs/Buildings/sptp_building_05.prefab using Guid(376c64c4248da1c478df047404ec6663) Importer(815301076,1909f56bfc062723c751e8b465ee728b)  -> (artifact id: '47962b2e114c7cfbde707330f96eac94') in 0.029324 seconds
Number of updated asset objects reloaded before import = 0
Number of asset objects unloaded after import = 11
========================================================================
Received Import Request.
  Time since last request: 0.000021 seconds.
  path: Assets/AssetStore/SimplePoly - Town Pack/Prefabs/Buildings/sptp_building_25.prefab
  artifactKey: Guid(7538a3c85f736c74ea56d203349fde92) Importer(815301076,1909f56bfc062723c751e8b465ee728b)
Start importing Assets/AssetStore/SimplePoly - Town Pack/Prefabs/Buildings/sptp_building_25.prefab using Guid(7538a3c85f736c74ea56d203349fde92) Importer(815301076,1909f56bfc062723c751e8b465ee728b)  -> (artifact id: '5fc35cf7623d63ff24516641e8168179') in 0.028885 seconds
Number of updated asset objects reloaded before import = 0
Number of asset objects unloaded after import = 11
========================================================================
Received Import Request.
  Time since last request: 0.000028 seconds.
  path: Assets/AssetStore/SimplePoly - Town Pack/Prefabs/Buildings/sptp_building_20.prefab
  artifactKey: Guid(21d87f071ff58334bafd1d0529a95433) Importer(815301076,1909f56bfc062723c751e8b465ee728b)
Start importing Assets/AssetStore/SimplePoly - Town Pack/Prefabs/Buildings/sptp_building_20.prefab using Guid(21d87f071ff58334bafd1d0529a95433) Importer(815301076,1909f56bfc062723c751e8b465ee728b)  -> (artifact id: '360e63a8846e11b5319fe4c742e85285') in 0.030915 seconds
Number of updated asset objects reloaded before import = 0
Number of asset objects unloaded after import = 11
========================================================================
Received Import Request.
  Time since last request: 0.000026 seconds.
  path: Assets/AssetStore/SimplePoly - Town Pack/Prefabs/Buildings/sptp_building_17.prefab
  artifactKey: Guid(c578b4309ba7d374a81ecb4ead9452b4) Importer(815301076,1909f56bfc062723c751e8b465ee728b)
Start importing Assets/AssetStore/SimplePoly - Town Pack/Prefabs/Buildings/sptp_building_17.prefab using Guid(c578b4309ba7d374a81ecb4ead9452b4) Importer(815301076,1909f56bfc062723c751e8b465ee728b)  -> (artifact id: '08674f58cedb782e1406078ea5b7b114') in 0.030133 seconds
Number of updated asset objects reloaded before import = 0
Number of asset objects unloaded after import = 11
========================================================================
Received Import Request.
  Time since last request: 0.000026 seconds.
  path: Assets/AssetStore/SimplePoly - Town Pack/Prefabs/Buildings/sptp_building_21.prefab
  artifactKey: Guid(8ff373953893b2c44968fbf1e5c2d186) Importer(815301076,1909f56bfc062723c751e8b465ee728b)
Start importing Assets/AssetStore/SimplePoly - Town Pack/Prefabs/Buildings/sptp_building_21.prefab using Guid(8ff373953893b2c44968fbf1e5c2d186) Importer(815301076,1909f56bfc062723c751e8b465ee728b)  -> (artifact id: 'f1dcc3505837754eb1c56da701b83e1e') in 0.028805 seconds
Number of updated asset objects reloaded before import = 0
Number of asset objects unloaded after import = 11
========================================================================
Received Import Request.
  Time since last request: 0.000024 seconds.
  path: Assets/AssetStore/SimplePoly - Town Pack/Prefabs/Buildings/sptp_building_13.prefab
  artifactKey: Guid(7af3e402376047a46842073f130d347e) Importer(815301076,1909f56bfc062723c751e8b465ee728b)
Start importing Assets/AssetStore/SimplePoly - Town Pack/Prefabs/Buildings/sptp_building_13.prefab using Guid(7af3e402376047a46842073f130d347e) Importer(815301076,1909f56bfc062723c751e8b465ee728b)  -> (artifact id: '6851d73a7712e3fdc57f9c59524ea1ed') in 0.034533 seconds
Number of updated asset objects reloaded before import = 0
Number of asset objects unloaded after import = 11
========================================================================
Received Import Request.
  Time since last request: 0.000032 seconds.
  path: Assets/AssetStore/SimplePoly - Town Pack/Prefabs/Buildings/sptp_building_07.prefab
  artifactKey: Guid(4de73b6418e85f643bcd3c2edb0dfe0c) Importer(815301076,1909f56bfc062723c751e8b465ee728b)
Start importing Assets/AssetStore/SimplePoly - Town Pack/Prefabs/Buildings/sptp_building_07.prefab using Guid(4de73b6418e85f643bcd3c2edb0dfe0c) Importer(815301076,1909f56bfc062723c751e8b465ee728b)  -> (artifact id: 'c162d11105e3f0e25c2a63133295b631') in 0.031134 seconds
Number of updated asset objects reloaded before import = 0
Number of asset objects unloaded after import = 12
========================================================================
Received Import Request.
  Time since last request: 0.000018 seconds.
  path: Assets/AssetStore/SimplePoly - Town Pack/Prefabs/Buildings/sptp_building_19.prefab
  artifactKey: Guid(b31bfd856a422204b9e585c888f2cc4f) Importer(815301076,1909f56bfc062723c751e8b465ee728b)
Start importing Assets/AssetStore/SimplePoly - Town Pack/Prefabs/Buildings/sptp_building_19.prefab using Guid(b31bfd856a422204b9e585c888f2cc4f) Importer(815301076,1909f56bfc062723c751e8b465ee728b)  -> (artifact id: 'b6e815c02ef667291ed5d7083399b7c1') in 0.029648 seconds
Number of updated asset objects reloaded before import = 0
Number of asset objects unloaded after import = 11
========================================================================
Received Import Request.
  Time since last request: 0.000031 seconds.
  path: Assets/AssetStore/SimplePoly - Town Pack/Prefabs/Buildings/sptp_building_29.prefab
  artifactKey: Guid(b0c1f1679136b9a47960b48b5e0f5b52) Importer(815301076,1909f56bfc062723c751e8b465ee728b)
Start importing Assets/AssetStore/SimplePoly - Town Pack/Prefabs/Buildings/sptp_building_29.prefab using Guid(b0c1f1679136b9a47960b48b5e0f5b52) Importer(815301076,1909f56bfc062723c751e8b465ee728b)  -> (artifact id: 'ba6044d8359bf80e4128d176393cd515') in 0.026920 seconds
Number of updated asset objects reloaded before import = 0
Number of asset objects unloaded after import = 11
========================================================================
Received Import Request.
  Time since last request: 0.000020 seconds.
  path: Assets/AssetStore/SimplePoly - Town Pack/Prefabs/Buildings/sptp_building_30.prefab
  artifactKey: Guid(6a03abf06fc3f154abc371fa4e38f7d1) Importer(815301076,1909f56bfc062723c751e8b465ee728b)
Start importing Assets/AssetStore/SimplePoly - Town Pack/Prefabs/Buildings/sptp_building_30.prefab using Guid(6a03abf06fc3f154abc371fa4e38f7d1) Importer(815301076,1909f56bfc062723c751e8b465ee728b)  -> (artifact id: '23dfb79f3d66aaa9b8d8196da6869a57') in 0.027638 seconds
Number of updated asset objects reloaded before import = 0
Number of asset objects unloaded after import = 11
========================================================================
Received Import Request.
  Time since last request: 0.000019 seconds.
  path: Assets/AssetStore/SimplePoly - Town Pack/Prefabs/Buildings/sptp_building_10.prefab
  artifactKey: Guid(6d7985f8534d19e4b8c5bc52a92a075a) Importer(815301076,1909f56bfc062723c751e8b465ee728b)
Start importing Assets/AssetStore/SimplePoly - Town Pack/Prefabs/Buildings/sptp_building_10.prefab using Guid(6d7985f8534d19e4b8c5bc52a92a075a) Importer(815301076,1909f56bfc062723c751e8b465ee728b)  -> (artifact id: '13d15edd68c527e63a78e8a36af37d69') in 0.029233 seconds
Number of updated asset objects reloaded before import = 0
Number of asset objects unloaded after import = 11
========================================================================
Received Import Request.
  Time since last request: 0.000017 seconds.
  path: Assets/AssetStore/SimplePoly - Town Pack/Prefabs/Buildings/sptp_building_35.prefab
  artifactKey: Guid(eae796383f4a9a840ba3676f3b03efbf) Importer(815301076,1909f56bfc062723c751e8b465ee728b)
Start importing Assets/AssetStore/SimplePoly - Town Pack/Prefabs/Buildings/sptp_building_35.prefab using Guid(eae796383f4a9a840ba3676f3b03efbf) Importer(815301076,1909f56bfc062723c751e8b465ee728b)  -> (artifact id: 'e81f26dffebdf224e8c90a3344169922') in 0.026760 seconds
Number of updated asset objects reloaded before import = 0
Number of asset objects unloaded after import = 11
========================================================================
Received Import Request.
  Time since last request: 0.000028 seconds.
  path: Assets/AssetStore/SimplePoly - Town Pack/Prefabs/Buildings/sptp_building_22.prefab
  artifactKey: Guid(6f3f63053e017f4438955201b55656e0) Importer(815301076,1909f56bfc062723c751e8b465ee728b)
Start importing Assets/AssetStore/SimplePoly - Town Pack/Prefabs/Buildings/sptp_building_22.prefab using Guid(6f3f63053e017f4438955201b55656e0) Importer(815301076,1909f56bfc062723c751e8b465ee728b)  -> (artifact id: '6cd3cac8cbc20dfce4a84fa35eb47913') in 0.028803 seconds
Number of updated asset objects reloaded before import = 0
Number of asset objects unloaded after import = 11
========================================================================
Received Import Request.
  Time since last request: 0.000030 seconds.
  path: Assets/AssetStore/SimplePoly - Town Pack/Prefabs/Buildings/sptp_building_27.prefab
  artifactKey: Guid(3efdc64e734336845816936e77dbf6b3) Importer(815301076,1909f56bfc062723c751e8b465ee728b)
Start importing Assets/AssetStore/SimplePoly - Town Pack/Prefabs/Buildings/sptp_building_27.prefab using Guid(3efdc64e734336845816936e77dbf6b3) Importer(815301076,1909f56bfc062723c751e8b465ee728b)  -> (artifact id: '1cea978a50dd3bb89e66ce98bb85c8e8') in 0.026251 seconds
Number of updated asset objects reloaded before import = 0
Number of asset objects unloaded after import = 11
========================================================================
Received Import Request.
  Time since last request: 0.000030 seconds.
  path: Assets/AssetStore/SimplePoly - Town Pack/Prefabs/Buildings/sptp_building_24.prefab
  artifactKey: Guid(d9c2a6cb99ea45945b24d88f8b8e88ff) Importer(815301076,1909f56bfc062723c751e8b465ee728b)
Start importing Assets/AssetStore/SimplePoly - Town Pack/Prefabs/Buildings/sptp_building_24.prefab using Guid(d9c2a6cb99ea45945b24d88f8b8e88ff) Importer(815301076,1909f56bfc062723c751e8b465ee728b)  -> (artifact id: '83201634f6f714a18959fd12393e7621') in 0.025796 seconds
Number of updated asset objects reloaded before import = 0
Number of asset objects unloaded after import = 11
========================================================================
Received Import Request.
  Time since last request: 0.000020 seconds.
  path: Assets/AssetStore/SimplePoly - Town Pack/Prefabs/Buildings/sptp_building_28.prefab
  artifactKey: Guid(09676f1ba84ec5d48912d47723cefe7e) Importer(815301076,1909f56bfc062723c751e8b465ee728b)
Start importing Assets/AssetStore/SimplePoly - Town Pack/Prefabs/Buildings/sptp_building_28.prefab using Guid(09676f1ba84ec5d48912d47723cefe7e) Importer(815301076,1909f56bfc062723c751e8b465ee728b)  -> (artifact id: '7c7e608c4b51fac623949c4c94000b49') in 0.025462 seconds
Number of updated asset objects reloaded before import = 0
Number of asset objects unloaded after import = 11
========================================================================
Received Prepare
Begin MonoManager ReloadAssembly
- Loaded All Assemblies, in  0.385 seconds
Refreshing native plugins compatible for Editor in 2.15 ms, found 3 plugins.
Native extension for WindowsStandalone target not found
Native extension for iOS target not found
Native extension for Android target not found
[Package Manager] Server::EnsureServerProcessIsRunning -- launch failed, reason: Unity was launched with the -noUpm command-line argument
[Package Manager] UpmClient::Send -- Unable to send message (not connected to UPM process).
[Package Manager] Cannot connect to Unity Package Manager local server
Mono: successfully reloaded assembly
- Finished resetting the current domain, in  1.148 seconds
Domain Reload Profiling: 1532ms
	BeginReloadAssembly (146ms)
		ExecutionOrderSort (0ms)
		DisableScriptedObjects (9ms)
		BackupInstance (0ms)
		ReleaseScriptingObjects (0ms)
		CreateAndSetChildDomain (41ms)
	RebuildCommonClasses (29ms)
	RebuildNativeTypeToScriptingClass (10ms)
	initialDomainReloadingComplete (21ms)
	LoadAllAssembliesAndSetupDomain (178ms)
		LoadAssemblies (230ms)
		RebuildTransferFunctionScriptingTraits (0ms)
		AnalyzeDomain (17ms)
			TypeCache.Refresh (5ms)
				TypeCache.ScanAssembly (0ms)
			ScanForSourceGeneratedMonoScriptInfo (0ms)
			ResolveRequiredComponents (10ms)
	FinalizeReload (1148ms)
		ReleaseScriptCaches (0ms)
		RebuildScriptCaches (0ms)
		SetupLoadedEditorAssemblies (648ms)
			LogAssemblyErrors (0ms)
			InitializePlatformSupportModulesInManaged (25ms)
			SetLoadedEditorAssemblies (2ms)
			RefreshPlugins (0ms)
			BeforeProcessingInitializeOnLoad (65ms)
			ProcessInitializeOnLoadAttributes (481ms)
			ProcessInitializeOnLoadMethodAttributes (71ms)
			AfterProcessingInitializeOnLoad (4ms)
			EditorAssembliesLoaded (0ms)
		ExecutionOrderSort2 (0ms)
		AwakeInstancesAfterBackupRestoration (17ms)
Refreshing native plugins compatible for Editor in 2.81 ms, found 3 plugins.
Preloading 0 native plugins for Editor in 0.00 ms.
Unloading 5337 Unused Serialized files (Serialized files now loaded: 0)
Unloading 52 unused Assets / (0.8 MB). Loaded Objects now: 6061.
Memory consumption went from 214.4 MB to 213.6 MB.
Total: 4.056500 ms (FindLiveObjects: 0.522500 ms CreateObjectMapping: 0.546200 ms MarkObjects: 2.634700 ms  DeleteObjects: 0.352200 ms)

Prepare: number of updated asset objects reloaded= 0
AssetImportParameters requested are different than current active one (requested -> active):
  custom:container-demuxer-ogg: 62fdf1f143b41e24485cea50d1cbac27 -> 
  custom:video-decoder-ogg-theora: a1e56fd34408186e4bbccfd4996cb3dc -> 
  custom:scripting/monoscript/fileName/SunShafts.cs: 31257fc068328e8e0dff64f822e0c6f9 -> 
  custom:framework-win-MediaFoundation: 216162199b28c13a410421893ffa2e32 -> 
  custom:scripting/monoscript/fileName/Quads.cs: 50c5a46c819479851957e6c0fb9a8afd -> 
  custom:scripting/monoscript/fileName/PostEffectsBase.cs: 697d34e852ed8e89825eca325facedb6 -> 
  custom:CustomObjectIndexerAttribute: 4d1d7186bcbbfe361de5f0ad951e585c -> 
  custom:container-demuxer-webm: 4f35f7cbe854078d1ac9338744f61a02 -> 
  custom:container-muxer-webm: aa71ff27fc2769a1b78a27578f13a17b -> 
  custom:video-decoder-webm-vp8: 9c59270c3fd7afecdb556c50c9e8de78 -> 
  custom:SearchIndexIgnoredProperties: e643bd26f0fe6173181afceb89e7c659 -> 
  custom:AudioImporter_EditorPlatform: d09bf68614088b80899f8185d706f6e7 -> 
  custom:video-encoder-webm-vp8: eb34c28f22e8b96e1ab97ce403110664 -> 
  custom:audio-decoder-ogg-vorbis: bf7c407c2cedff20999df2af8eb42d56 -> 
  custom:scripting/monoscript/fileName/FlyCamera.cs: 898955e7b90b29d947242f2deeb34628 -> 
  custom:audio-encoder-webm-vorbis: bf7c407c2cedff20999df2af8eb42d56 -> 
========================================================================
Received Import Request.
  Time since last request: 228.926767 seconds.
  path: Assets/Scenes/Test_scene.unity
  artifactKey: Guid(53b4f40f1b2a89f4abb34cbe7d0ffcda) Importer(815301076,1909f56bfc062723c751e8b465ee728b)
Start importing Assets/Scenes/Test_scene.unity using Guid(53b4f40f1b2a89f4abb34cbe7d0ffcda) Importer(815301076,1909f56bfc062723c751e8b465ee728b)  -> (artifact id: '09b03850e618cc052ff7ba0c22cb9ad8') in 0.084679 seconds
Number of updated asset objects reloaded before import = 0
Number of asset objects unloaded after import = 0
