Using pre-set license
Built from '2022.3/staging' branch; Version is '2022.3.16f1 (d2c21f0ef2f1) revision 13812255'; Using compiler version '192829333'; Build Type 'Release'
OS: 'Windows 10  (10.0.19045) 64bit Core' Language: 'pl' Physical Memory: 65470 MB
BatchMode: 1, IsHumanControllingUs: 0, StartBugReporterOnCrash: 0, Is64bit: 1, IsPro: 1

COMMAND LINE ARGUMENTS:
E:\UUnity\2022.3.16f1\Editor\Unity.exe
-adb2
-batchMode
-noUpm
-name
AssetImportWorker4
-projectPath
E:/FastaPasta/FastPastaProject/FastaPastaProject
-logFile
Logs/AssetImportWorker4.log
-srvPort
49921
Successfully changed project path to: E:/FastaPasta/FastPastaProject/FastaPastaProject
E:/FastaPasta/FastPastaProject/FastaPastaProject
[UnityMemory] Configuration Parameters - Can be set up in boot.config
    "memorysetup-bucket-allocator-granularity=16"
    "memorysetup-bucket-allocator-bucket-count=8"
    "memorysetup-bucket-allocator-block-size=33554432"
    "memorysetup-bucket-allocator-block-count=8"
    "memorysetup-main-allocator-block-size=16777216"
    "memorysetup-thread-allocator-block-size=16777216"
    "memorysetup-gfx-main-allocator-block-size=16777216"
    "memorysetup-gfx-thread-allocator-block-size=16777216"
    "memorysetup-cache-allocator-block-size=4194304"
    "memorysetup-typetree-allocator-block-size=2097152"
    "memorysetup-profiler-bucket-allocator-granularity=16"
    "memorysetup-profiler-bucket-allocator-bucket-count=8"
    "memorysetup-profiler-bucket-allocator-block-size=33554432"
    "memorysetup-profiler-bucket-allocator-block-count=8"
    "memorysetup-profiler-allocator-block-size=16777216"
    "memorysetup-profiler-editor-allocator-block-size=1048576"
    "memorysetup-temp-allocator-size-main=16777216"
    "memorysetup-job-temp-allocator-block-size=2097152"
    "memorysetup-job-temp-allocator-block-size-background=1048576"
    "memorysetup-job-temp-allocator-reduction-small-platforms=262144"
    "memorysetup-allocator-temp-initial-block-size-main=262144"
    "memorysetup-allocator-temp-initial-block-size-worker=262144"
    "memorysetup-temp-allocator-size-background-worker=32768"
    "memorysetup-temp-allocator-size-job-worker=262144"
    "memorysetup-temp-allocator-size-preload-manager=33554432"
    "memorysetup-temp-allocator-size-nav-mesh-worker=65536"
    "memorysetup-temp-allocator-size-audio-worker=65536"
    "memorysetup-temp-allocator-size-cloud-worker=32768"
    "memorysetup-temp-allocator-size-gi-baking-worker=262144"
    "memorysetup-temp-allocator-size-gfx=262144"
Player connection [92336] Host "[IP] 192.168.1.15 [Port] 0 [Flags] 2 [Guid] 1440461624 [EditorId] 1440461624 [Version] 1048832 [Id] WindowsEditor(7,DESKTOP-5GUM9UO) [Debug] 1 [PackageName] WindowsEditor [ProjectName] Editor" joined multi-casting on [225.0.0.222:54997]...

Player connection [92336] Host "[IP] 192.168.1.15 [Port] 0 [Flags] 2 [Guid] 1440461624 [EditorId] 1440461624 [Version] 1048832 [Id] WindowsEditor(7,DESKTOP-5GUM9UO) [Debug] 1 [PackageName] WindowsEditor [ProjectName] Editor" joined alternative multi-casting on [225.0.0.222:34997]...

[Physics::Module] Initialized MultithreadedJobDispatcher with 15 workers.
Refreshing native plugins compatible for Editor in 8.17 ms, found 3 plugins.
Preloading 0 native plugins for Editor in 0.00 ms.
Initialize engine version: 2022.3.16f1 (d2c21f0ef2f1)
[Subsystems] Discovering subsystems at path E:/UUnity/2022.3.16f1/Editor/Data/Resources/UnitySubsystems
[Subsystems] Discovering subsystems at path E:/FastaPasta/FastPastaProject/FastaPastaProject/Assets
GfxDevice: creating device client; threaded=0; jobified=0
Direct3D:
    Version:  Direct3D 11.0 [level 11.1]
    Renderer: NVIDIA GeForce RTX 3070 Ti (ID=0x2482)
    Vendor:   NVIDIA
    VRAM:     8031 MB
    Driver:   31.0.15.3734
Initialize mono
Mono path[0] = 'E:/UUnity/2022.3.16f1/Editor/Data/Managed'
Mono path[1] = 'E:/UUnity/2022.3.16f1/Editor/Data/MonoBleedingEdge/lib/mono/unityjit-win32'
Mono config path = 'E:/UUnity/2022.3.16f1/Editor/Data/MonoBleedingEdge/etc'
Using monoOptions --debugger-agent=transport=dt_socket,embedding=1,server=y,suspend=n,address=127.0.0.1:56256
Begin MonoManager ReloadAssembly
Registering precompiled unity dll's ...
Register platform support module: E:/UUnity/2022.3.16f1/Editor/Data/PlaybackEngines/AndroidPlayer/UnityEditor.Android.Extensions.dll
Register platform support module: E:/UUnity/2022.3.16f1/Editor/Data/PlaybackEngines/iOSSupport/UnityEditor.iOS.Extensions.dll
Register platform support module: E:/UUnity/2022.3.16f1/Editor/Data/PlaybackEngines/WindowsStandaloneSupport/UnityEditor.WindowsStandalone.Extensions.dll
Registered in 0.005864 seconds.
- Loaded All Assemblies, in  0.357 seconds
Native extension for WindowsStandalone target not found
[usbmuxd] Start listen thread
[usbmuxd] Listen thread started
Native extension for iOS target not found
Native extension for Android target not found
Android Extension - Scanning For ADB Devices 231 ms
Mono: successfully reloaded assembly
- Finished resetting the current domain, in  0.544 seconds
Domain Reload Profiling: 901ms
	BeginReloadAssembly (96ms)
		ExecutionOrderSort (0ms)
		DisableScriptedObjects (0ms)
		BackupInstance (0ms)
		ReleaseScriptingObjects (0ms)
		CreateAndSetChildDomain (1ms)
	RebuildCommonClasses (32ms)
	RebuildNativeTypeToScriptingClass (9ms)
	initialDomainReloadingComplete (43ms)
	LoadAllAssembliesAndSetupDomain (176ms)
		LoadAssemblies (95ms)
		RebuildTransferFunctionScriptingTraits (0ms)
		AnalyzeDomain (174ms)
			TypeCache.Refresh (173ms)
				TypeCache.ScanAssembly (160ms)
			ScanForSourceGeneratedMonoScriptInfo (0ms)
			ResolveRequiredComponents (0ms)
	FinalizeReload (544ms)
		ReleaseScriptCaches (0ms)
		RebuildScriptCaches (0ms)
		SetupLoadedEditorAssemblies (496ms)
			LogAssemblyErrors (0ms)
			InitializePlatformSupportModulesInManaged (341ms)
			SetLoadedEditorAssemblies (4ms)
			RefreshPlugins (0ms)
			BeforeProcessingInitializeOnLoad (3ms)
			ProcessInitializeOnLoadAttributes (108ms)
			ProcessInitializeOnLoadMethodAttributes (40ms)
			AfterProcessingInitializeOnLoad (0ms)
			EditorAssembliesLoaded (0ms)
		ExecutionOrderSort2 (0ms)
		AwakeInstancesAfterBackupRestoration (0ms)
========================================================================
Worker process is ready to serve import requests
Begin MonoManager ReloadAssembly
- Loaded All Assemblies, in  0.611 seconds
Refreshing native plugins compatible for Editor in 2.23 ms, found 3 plugins.
Native extension for WindowsStandalone target not found
Native extension for iOS target not found
Native extension for Android target not found
Package Manager log level set to [2]
[Package Manager] Server::EnsureServerProcessIsRunning -- launch failed, reason: Unity was launched with the -noUpm command-line argument
[Package Manager] UpmClient::Send -- Unable to send message (not connected to UPM process).
[Package Manager] Cannot connect to Unity Package Manager local server
Mono: successfully reloaded assembly
- Finished resetting the current domain, in  0.856 seconds
Domain Reload Profiling: 1467ms
	BeginReloadAssembly (137ms)
		ExecutionOrderSort (0ms)
		DisableScriptedObjects (5ms)
		BackupInstance (0ms)
		ReleaseScriptingObjects (0ms)
		CreateAndSetChildDomain (24ms)
	RebuildCommonClasses (38ms)
	RebuildNativeTypeToScriptingClass (10ms)
	initialDomainReloadingComplete (34ms)
	LoadAllAssembliesAndSetupDomain (392ms)
		LoadAssemblies (242ms)
		RebuildTransferFunctionScriptingTraits (0ms)
		AnalyzeDomain (225ms)
			TypeCache.Refresh (187ms)
				TypeCache.ScanAssembly (167ms)
			ScanForSourceGeneratedMonoScriptInfo (24ms)
			ResolveRequiredComponents (13ms)
	FinalizeReload (857ms)
		ReleaseScriptCaches (0ms)
		RebuildScriptCaches (0ms)
		SetupLoadedEditorAssemblies (668ms)
			LogAssemblyErrors (0ms)
			InitializePlatformSupportModulesInManaged (28ms)
			SetLoadedEditorAssemblies (3ms)
			RefreshPlugins (0ms)
			BeforeProcessingInitializeOnLoad (57ms)
			ProcessInitializeOnLoadAttributes (530ms)
			ProcessInitializeOnLoadMethodAttributes (48ms)
			AfterProcessingInitializeOnLoad (2ms)
			EditorAssembliesLoaded (0ms)
		ExecutionOrderSort2 (0ms)
		AwakeInstancesAfterBackupRestoration (4ms)
Launched and connected shader compiler UnityShaderCompiler.exe after 0.03 seconds
Refreshing native plugins compatible for Editor in 2.03 ms, found 3 plugins.
Preloading 0 native plugins for Editor in 0.00 ms.
Unloading 5480 Unused Serialized files (Serialized files now loaded: 0)
Unloading 95 unused Assets / (0.8 MB). Loaded Objects now: 5930.
Memory consumption went from 221.5 MB to 220.6 MB.
Total: 4.216300 ms (FindLiveObjects: 0.514100 ms CreateObjectMapping: 0.494900 ms MarkObjects: 2.846900 ms  DeleteObjects: 0.359300 ms)

AssetImportParameters requested are different than current active one (requested -> active):
  custom:container-demuxer-ogg: 62fdf1f143b41e24485cea50d1cbac27 -> 
  custom:video-decoder-ogg-theora: a1e56fd34408186e4bbccfd4996cb3dc -> 
  custom:framework-win-MediaFoundation: 216162199b28c13a410421893ffa2e32 -> 
  custom:CustomObjectIndexerAttribute: 4d1d7186bcbbfe361de5f0ad951e585c -> 
  custom:container-demuxer-webm: 4f35f7cbe854078d1ac9338744f61a02 -> 
  custom:container-muxer-webm: aa71ff27fc2769a1b78a27578f13a17b -> 
  custom:video-decoder-webm-vp8: 9c59270c3fd7afecdb556c50c9e8de78 -> 
  custom:SearchIndexIgnoredProperties: e643bd26f0fe6173181afceb89e7c659 -> 
  custom:AudioImporter_EditorPlatform: d09bf68614088b80899f8185d706f6e7 -> 
  custom:video-encoder-webm-vp8: eb34c28f22e8b96e1ab97ce403110664 -> 
  custom:audio-decoder-ogg-vorbis: bf7c407c2cedff20999df2af8eb42d56 -> 
  custom:audio-encoder-webm-vorbis: bf7c407c2cedff20999df2af8eb42d56 -> 
========================================================================
Received Import Request.
  Time since last request: 2453780.774533 seconds.
  path: Assets/AssetStore/Fantasy Skybox FREE/Cubemaps/FS003/Images/FS003_Rainy_Cubemap_front.png
  artifactKey: Guid(6476e51a829c0fa4ebea0c0d2bbd0b72) Importer(2089858483,0ecaa5967403d082aa24f35e1b516d23)
Start importing Assets/AssetStore/Fantasy Skybox FREE/Cubemaps/FS003/Images/FS003_Rainy_Cubemap_front.png using Guid(6476e51a829c0fa4ebea0c0d2bbd0b72) Importer(2089858483,0ecaa5967403d082aa24f35e1b516d23) Generated GUIDs only implemented for interfaces!
 -> (artifact id: '75fa55bff2b15f2a5fc4aa66de0a6bcd') in 0.183877 seconds
Number of updated asset objects reloaded before import = 0
Number of asset objects unloaded after import = 1
========================================================================
Received Import Request.
  Time since last request: 0.000023 seconds.
  path: Assets/AssetStore/Fantasy Skybox FREE/Cubemaps/FS002/Images/FS002_Night_Moonless_Cubemap_back.png
  artifactKey: Guid(e8786530aab0b1d4a8c68e1a66f8fbe1) Importer(2089858483,0ecaa5967403d082aa24f35e1b516d23)
Start importing Assets/AssetStore/Fantasy Skybox FREE/Cubemaps/FS002/Images/FS002_Night_Moonless_Cubemap_back.png using Guid(e8786530aab0b1d4a8c68e1a66f8fbe1) Importer(2089858483,0ecaa5967403d082aa24f35e1b516d23) Generated GUIDs only implemented for interfaces!
 -> (artifact id: 'cd3c9abcbf09c8b9aafa8c6a22038b19') in 0.018578 seconds
Number of updated asset objects reloaded before import = 0
Number of asset objects unloaded after import = 1
========================================================================
Received Import Request.
  Time since last request: 0.000018 seconds.
  path: Assets/AssetStore/Fantasy Skybox FREE/Cubemaps/FS002/Images/FS002_Day_Cubemap_down.png
  artifactKey: Guid(20556ff95cea2fa44a44cd07980dae85) Importer(2089858483,0ecaa5967403d082aa24f35e1b516d23)
Start importing Assets/AssetStore/Fantasy Skybox FREE/Cubemaps/FS002/Images/FS002_Day_Cubemap_down.png using Guid(20556ff95cea2fa44a44cd07980dae85) Importer(2089858483,0ecaa5967403d082aa24f35e1b516d23) Generated GUIDs only implemented for interfaces!
 -> (artifact id: '1df262e5d71cc609343793352a1dbf03') in 0.018288 seconds
Number of updated asset objects reloaded before import = 0
Number of asset objects unloaded after import = 1
========================================================================
Received Import Request.
  Time since last request: 0.000016 seconds.
  path: Assets/AssetStore/Fantasy Skybox FREE/Cubemaps/Classic/FS000_Day_03.png
  artifactKey: Guid(24941804827e1524eb70477f7f68a111) Importer(2089858483,0ecaa5967403d082aa24f35e1b516d23)
Start importing Assets/AssetStore/Fantasy Skybox FREE/Cubemaps/Classic/FS000_Day_03.png using Guid(24941804827e1524eb70477f7f68a111) Importer(2089858483,0ecaa5967403d082aa24f35e1b516d23) Generated GUIDs only implemented for interfaces!
 -> (artifact id: '2475e40a83e5f0ada889332cf3590749') in 0.030907 seconds
Number of updated asset objects reloaded before import = 0
Number of asset objects unloaded after import = 1
========================================================================
Received Import Request.
  Time since last request: 0.000016 seconds.
  path: Assets/AssetStore/Fantasy Skybox FREE/Cubemaps/FS003/Images/FS003_Day_Sunless_Cubemap_right.png
  artifactKey: Guid(06d134190fa2eb846bea51f451f1787e) Importer(2089858483,0ecaa5967403d082aa24f35e1b516d23)
Start importing Assets/AssetStore/Fantasy Skybox FREE/Cubemaps/FS003/Images/FS003_Day_Sunless_Cubemap_right.png using Guid(06d134190fa2eb846bea51f451f1787e) Importer(2089858483,0ecaa5967403d082aa24f35e1b516d23) Generated GUIDs only implemented for interfaces!
 -> (artifact id: '2293f408d8eca5c7208454d132ee95c4') in 0.017718 seconds
Number of updated asset objects reloaded before import = 0
Number of asset objects unloaded after import = 1
========================================================================
Received Import Request.
  Time since last request: 0.000013 seconds.
  path: Assets/AssetStore/Fantasy Skybox FREE/Cubemaps/FS017/FS017_Rainy_Cubemap.mat
  artifactKey: Guid(be04847ecd3774d468b7a7fffb971b9c) Importer(2089858483,0ecaa5967403d082aa24f35e1b516d23)
Start importing Assets/AssetStore/Fantasy Skybox FREE/Cubemaps/FS017/FS017_Rainy_Cubemap.mat using Guid(be04847ecd3774d468b7a7fffb971b9c) Importer(2089858483,0ecaa5967403d082aa24f35e1b516d23) Generated GUIDs only implemented for interfaces!
 -> (artifact id: '429047078cf7338d4c403483655d1231') in 0.020501 seconds
Number of updated asset objects reloaded before import = 0
Number of asset objects unloaded after import = 7
========================================================================
Received Import Request.
  Time since last request: 0.000018 seconds.
  path: Assets/AssetStore/Fantasy Skybox FREE/Panoramics/FS017/FS017_Snowy.png
  artifactKey: Guid(787c830ffbe38b14a9c7bcf39669cdfe) Importer(2089858483,0ecaa5967403d082aa24f35e1b516d23)
Start importing Assets/AssetStore/Fantasy Skybox FREE/Panoramics/FS017/FS017_Snowy.png using Guid(787c830ffbe38b14a9c7bcf39669cdfe) Importer(2089858483,0ecaa5967403d082aa24f35e1b516d23) Generated GUIDs only implemented for interfaces!
 -> (artifact id: '47bdc8e6e4ab3129c8917adb741264ca') in 0.018479 seconds
Number of updated asset objects reloaded before import = 0
Number of asset objects unloaded after import = 1
========================================================================
Received Import Request.
  Time since last request: 0.000025 seconds.
  path: Assets/AssetStore/Fantasy Skybox FREE/Cubemaps/FS002/Images/FS002_Day_Sunless_Cubemap_down.png
  artifactKey: Guid(53400c1bbe9952c4e8874222bea3d17a) Importer(2089858483,0ecaa5967403d082aa24f35e1b516d23)
Start importing Assets/AssetStore/Fantasy Skybox FREE/Cubemaps/FS002/Images/FS002_Day_Sunless_Cubemap_down.png using Guid(53400c1bbe9952c4e8874222bea3d17a) Importer(2089858483,0ecaa5967403d082aa24f35e1b516d23) Generated GUIDs only implemented for interfaces!
 -> (artifact id: 'e6d130842be745c5c79dbf74a13eb75b') in 0.028019 seconds
Number of updated asset objects reloaded before import = 0
Number of asset objects unloaded after import = 1
========================================================================
Received Import Request.
  Time since last request: 0.000018 seconds.
  path: Assets/AssetStore/Fantasy Skybox FREE/Cubemaps/FS003/Images/FS003_Night_Moonless_Cubemap.cubemap
  artifactKey: Guid(e0f4f9c3f5dac244bae8a8a4b4181a9d) Importer(2089858483,0ecaa5967403d082aa24f35e1b516d23)
Start importing Assets/AssetStore/Fantasy Skybox FREE/Cubemaps/FS003/Images/FS003_Night_Moonless_Cubemap.cubemap using Guid(e0f4f9c3f5dac244bae8a8a4b4181a9d) Importer(2089858483,0ecaa5967403d082aa24f35e1b516d23) Generated GUIDs only implemented for interfaces!
 -> (artifact id: 'f61999113112d4906f88f7dda69e1bbd') in 0.251143 seconds
Number of updated asset objects reloaded before import = 0
Number of asset objects unloaded after import = 1
========================================================================
Received Import Request.
  Time since last request: 0.000018 seconds.
  path: Assets/AssetStore/Fantasy Skybox FREE/Cubemaps/FS002/Images/FS002_Day_Cubemap_up.png
  artifactKey: Guid(f51f90147d7350747957e1c406e8d741) Importer(2089858483,0ecaa5967403d082aa24f35e1b516d23)
Start importing Assets/AssetStore/Fantasy Skybox FREE/Cubemaps/FS002/Images/FS002_Day_Cubemap_up.png using Guid(f51f90147d7350747957e1c406e8d741) Importer(2089858483,0ecaa5967403d082aa24f35e1b516d23) Generated GUIDs only implemented for interfaces!
 -> (artifact id: 'e53a583e8e513d89eed60f1b67e2737f') in 0.020920 seconds
Number of updated asset objects reloaded before import = 0
Number of asset objects unloaded after import = 1
========================================================================
Received Import Request.
  Time since last request: 0.000023 seconds.
  path: Assets/AssetStore/Fantasy Skybox FREE/Cubemaps/FS013/Images/FS013_Night_Moonless_Cubemap_right.png
  artifactKey: Guid(0c04157e983b36b40abf43be1065bfba) Importer(2089858483,0ecaa5967403d082aa24f35e1b516d23)
Start importing Assets/AssetStore/Fantasy Skybox FREE/Cubemaps/FS013/Images/FS013_Night_Moonless_Cubemap_right.png using Guid(0c04157e983b36b40abf43be1065bfba) Importer(2089858483,0ecaa5967403d082aa24f35e1b516d23) Generated GUIDs only implemented for interfaces!
 -> (artifact id: '9d5b9531476c769cf0e40a5b4fdbb611') in 0.017776 seconds
Number of updated asset objects reloaded before import = 0
Number of asset objects unloaded after import = 1
========================================================================
Received Import Request.
  Time since last request: 0.000013 seconds.
  path: Assets/AssetStore/Fantasy Skybox FREE/Cubemaps/FS013/Images/FS013_Day_Cubemap_left.png
  artifactKey: Guid(014727d82348f1a4f8175752fb91f720) Importer(2089858483,0ecaa5967403d082aa24f35e1b516d23)
Start importing Assets/AssetStore/Fantasy Skybox FREE/Cubemaps/FS013/Images/FS013_Day_Cubemap_left.png using Guid(014727d82348f1a4f8175752fb91f720) Importer(2089858483,0ecaa5967403d082aa24f35e1b516d23) Generated GUIDs only implemented for interfaces!
 -> (artifact id: '765e9e0743b623da5bc41c762e8ca21e') in 0.023881 seconds
Number of updated asset objects reloaded before import = 0
Number of asset objects unloaded after import = 1
========================================================================
Received Import Request.
  Time since last request: 0.000013 seconds.
  path: Assets/AssetStore/Fantasy Skybox FREE/Cubemaps/Classic/FS000_Night_01.mat
  artifactKey: Guid(ab675e6698bde46fd87143fb0d7580cb) Importer(2089858483,0ecaa5967403d082aa24f35e1b516d23)
Start importing Assets/AssetStore/Fantasy Skybox FREE/Cubemaps/Classic/FS000_Night_01.mat using Guid(ab675e6698bde46fd87143fb0d7580cb) Importer(2089858483,0ecaa5967403d082aa24f35e1b516d23) Generated GUIDs only implemented for interfaces!
 -> (artifact id: 'b7f7e45ee304ec34ea8edb7d678cee7a') in 0.010116 seconds
Number of updated asset objects reloaded before import = 0
Number of asset objects unloaded after import = 2
========================================================================
Received Import Request.
  Time since last request: 0.000017 seconds.
  path: Assets/AssetStore/Fantasy Skybox FREE/Cubemaps/FS002/Images/FS002_Rainy_Cubemap_front.png
  artifactKey: Guid(bfbb5e11b6214524e9917d9177cecd36) Importer(2089858483,0ecaa5967403d082aa24f35e1b516d23)
Start importing Assets/AssetStore/Fantasy Skybox FREE/Cubemaps/FS002/Images/FS002_Rainy_Cubemap_front.png using Guid(bfbb5e11b6214524e9917d9177cecd36) Importer(2089858483,0ecaa5967403d082aa24f35e1b516d23) Generated GUIDs only implemented for interfaces!
 -> (artifact id: '11742423a1a6fdf701563909fe46907a') in 0.016851 seconds
Number of updated asset objects reloaded before import = 0
Number of asset objects unloaded after import = 1
========================================================================
Received Import Request.
  Time since last request: 0.000014 seconds.
  path: Assets/AssetStore/Fantasy Skybox FREE/Cubemaps/FS003/Images/FS003_Night_Moonless_Cubemap_up.png
  artifactKey: Guid(b5f9d276d27d022429122ae306a99fbb) Importer(2089858483,0ecaa5967403d082aa24f35e1b516d23)
Start importing Assets/AssetStore/Fantasy Skybox FREE/Cubemaps/FS003/Images/FS003_Night_Moonless_Cubemap_up.png using Guid(b5f9d276d27d022429122ae306a99fbb) Importer(2089858483,0ecaa5967403d082aa24f35e1b516d23) Generated GUIDs only implemented for interfaces!
 -> (artifact id: '649f2c8c74f8066d4cefe69ad5356763') in 0.017016 seconds
Number of updated asset objects reloaded before import = 0
Number of asset objects unloaded after import = 1
========================================================================
Received Import Request.
  Time since last request: 0.000082 seconds.
  path: Assets/AssetStore/Fantasy Skybox FREE/Cubemaps/FS013/Images/FS013_Rainy_Cubemap_back.png
  artifactKey: Guid(c9e944a935de303408627b0f0076d47a) Importer(2089858483,0ecaa5967403d082aa24f35e1b516d23)
Start importing Assets/AssetStore/Fantasy Skybox FREE/Cubemaps/FS013/Images/FS013_Rainy_Cubemap_back.png using Guid(c9e944a935de303408627b0f0076d47a) Importer(2089858483,0ecaa5967403d082aa24f35e1b516d23) Generated GUIDs only implemented for interfaces!
 -> (artifact id: '2f14212a693b6a7f4dab7b853630c199') in 0.017598 seconds
Number of updated asset objects reloaded before import = 0
Number of asset objects unloaded after import = 1
========================================================================
Received Import Request.
  Time since last request: 0.000015 seconds.
  path: Assets/AssetStore/Fantasy Skybox FREE/Cubemaps/FS013/FS013_Sunset_Cubemap.mat
  artifactKey: Guid(2b0ee035e6c540241b0977a4f54c7425) Importer(2089858483,0ecaa5967403d082aa24f35e1b516d23)
Start importing Assets/AssetStore/Fantasy Skybox FREE/Cubemaps/FS013/FS013_Sunset_Cubemap.mat using Guid(2b0ee035e6c540241b0977a4f54c7425) Importer(2089858483,0ecaa5967403d082aa24f35e1b516d23) Generated GUIDs only implemented for interfaces!
 -> (artifact id: '987a4230962c192d0e05ebf5b03de122') in 0.022986 seconds
Number of updated asset objects reloaded before import = 0
Number of asset objects unloaded after import = 7
========================================================================
Received Import Request.
  Time since last request: 0.000013 seconds.
  path: Assets/AssetStore/Fantasy Skybox FREE/Cubemaps/FS017/Images/FS017_Rainy_Cubemap_back.png
  artifactKey: Guid(4676adb9ddb10894aa1ab60ff29414f5) Importer(2089858483,0ecaa5967403d082aa24f35e1b516d23)
Start importing Assets/AssetStore/Fantasy Skybox FREE/Cubemaps/FS017/Images/FS017_Rainy_Cubemap_back.png using Guid(4676adb9ddb10894aa1ab60ff29414f5) Importer(2089858483,0ecaa5967403d082aa24f35e1b516d23) Generated GUIDs only implemented for interfaces!
 -> (artifact id: 'b732ced5b38210b773caaaa09ba7698e') in 0.016047 seconds
Number of updated asset objects reloaded before import = 0
Number of asset objects unloaded after import = 1
========================================================================
Received Import Request.
  Time since last request: 0.000015 seconds.
  path: Assets/AssetStore/Fantasy Skybox FREE/Cubemaps/FS017/Images/FS017_Day_Sunless_Cubemap_left.png
  artifactKey: Guid(e287a858561ef93429dae77f90849ddc) Importer(2089858483,0ecaa5967403d082aa24f35e1b516d23)
Start importing Assets/AssetStore/Fantasy Skybox FREE/Cubemaps/FS017/Images/FS017_Day_Sunless_Cubemap_left.png using Guid(e287a858561ef93429dae77f90849ddc) Importer(2089858483,0ecaa5967403d082aa24f35e1b516d23) Generated GUIDs only implemented for interfaces!
 -> (artifact id: '37a6e64ed107bc89c75321d5d4fb4156') in 0.017139 seconds
Number of updated asset objects reloaded before import = 0
Number of asset objects unloaded after import = 1
========================================================================
Received Import Request.
  Time since last request: 1.443910 seconds.
  path: Assets/AssetStore/Fantasy Skybox FREE/Cubemaps/FS003/Images/FS003_Night_Cubemap.cubemap
  artifactKey: Guid(8acbf1c188095b44d8c979cb34200fb8) Importer(2089858483,0ecaa5967403d082aa24f35e1b516d23)
Start importing Assets/AssetStore/Fantasy Skybox FREE/Cubemaps/FS003/Images/FS003_Night_Cubemap.cubemap using Guid(8acbf1c188095b44d8c979cb34200fb8) Importer(2089858483,0ecaa5967403d082aa24f35e1b516d23) Generated GUIDs only implemented for interfaces!
 -> (artifact id: 'e60d1086d37520a8f07429cf673bc1e8') in 0.200098 seconds
Number of updated asset objects reloaded before import = 0
Number of asset objects unloaded after import = 1
========================================================================
Received Import Request.
  Time since last request: 0.000024 seconds.
  path: Assets/AssetStore/Fantasy Skybox FREE/Cubemaps/FS002/Images/FS002_Day_Sunless_Cubemap_left.png
  artifactKey: Guid(e10543b194b4ea54fabde2e5472ba8de) Importer(2089858483,0ecaa5967403d082aa24f35e1b516d23)
Start importing Assets/AssetStore/Fantasy Skybox FREE/Cubemaps/FS002/Images/FS002_Day_Sunless_Cubemap_left.png using Guid(e10543b194b4ea54fabde2e5472ba8de) Importer(2089858483,0ecaa5967403d082aa24f35e1b516d23) Generated GUIDs only implemented for interfaces!
 -> (artifact id: '14a291bad636d880eb0427631071eabb') in 0.028485 seconds
Number of updated asset objects reloaded before import = 0
Number of asset objects unloaded after import = 1
========================================================================
Received Import Request.
  Time since last request: 0.000021 seconds.
  path: Assets/AssetStore/Fantasy Skybox FREE/Cubemaps/FS003/Images/FS003_Day_Cubemap_up.png
  artifactKey: Guid(aea3686eb786ed74a987296077388968) Importer(2089858483,0ecaa5967403d082aa24f35e1b516d23)
Start importing Assets/AssetStore/Fantasy Skybox FREE/Cubemaps/FS003/Images/FS003_Day_Cubemap_up.png using Guid(aea3686eb786ed74a987296077388968) Importer(2089858483,0ecaa5967403d082aa24f35e1b516d23) Generated GUIDs only implemented for interfaces!
 -> (artifact id: 'de2ea9ecfdd64844c8ad4b4e59c7629f') in 0.018337 seconds
Number of updated asset objects reloaded before import = 0
Number of asset objects unloaded after import = 1
========================================================================
Received Import Request.
  Time since last request: 0.000014 seconds.
  path: Assets/AssetStore/Fantasy Skybox FREE/Cubemaps/Classic/FS000_Day_04_Sunless.mat
  artifactKey: Guid(e1ec0e2320d2d4fb9a393769378ce0a1) Importer(2089858483,0ecaa5967403d082aa24f35e1b516d23)
Start importing Assets/AssetStore/Fantasy Skybox FREE/Cubemaps/Classic/FS000_Day_04_Sunless.mat using Guid(e1ec0e2320d2d4fb9a393769378ce0a1) Importer(2089858483,0ecaa5967403d082aa24f35e1b516d23) Generated GUIDs only implemented for interfaces!
 -> (artifact id: '89954ee6a993b2f39f40525c2ee1a4ad') in 0.009883 seconds
Number of updated asset objects reloaded before import = 0
Number of asset objects unloaded after import = 2
========================================================================
Received Import Request.
  Time since last request: 0.000020 seconds.
  path: Assets/AssetStore/Fantasy Skybox FREE/Cubemaps/FS003/Images/FS003_Snowy_Cubemap_back.png
  artifactKey: Guid(6a627b1974e621b4d89e686530a0e0af) Importer(2089858483,0ecaa5967403d082aa24f35e1b516d23)
Start importing Assets/AssetStore/Fantasy Skybox FREE/Cubemaps/FS003/Images/FS003_Snowy_Cubemap_back.png using Guid(6a627b1974e621b4d89e686530a0e0af) Importer(2089858483,0ecaa5967403d082aa24f35e1b516d23) Generated GUIDs only implemented for interfaces!
 -> (artifact id: '752947f2b64e48a6b1cb5ca60af107b4') in 0.020581 seconds
Number of updated asset objects reloaded before import = 0
Number of asset objects unloaded after import = 1
========================================================================
Received Import Request.
  Time since last request: 0.000018 seconds.
  path: Assets/AssetStore/Fantasy Skybox FREE/Panoramics/FS013/FS013_Night_Moonless.png
  artifactKey: Guid(a81552b25f3b36b43b82a6c5daf6e098) Importer(2089858483,0ecaa5967403d082aa24f35e1b516d23)
Start importing Assets/AssetStore/Fantasy Skybox FREE/Panoramics/FS013/FS013_Night_Moonless.png using Guid(a81552b25f3b36b43b82a6c5daf6e098) Importer(2089858483,0ecaa5967403d082aa24f35e1b516d23) Generated GUIDs only implemented for interfaces!
 -> (artifact id: '1ed33878ca0035ffb2cb53371c88ff32') in 0.026792 seconds
Number of updated asset objects reloaded before import = 0
Number of asset objects unloaded after import = 1
========================================================================
Received Import Request.
  Time since last request: 0.000015 seconds.
  path: Assets/AssetStore/Fantasy Skybox FREE/Cubemaps/FS003/FS003_Sunrise_Cubemap.mat
  artifactKey: Guid(bdfc475e919710248bf14d75643fefd2) Importer(2089858483,0ecaa5967403d082aa24f35e1b516d23)
Start importing Assets/AssetStore/Fantasy Skybox FREE/Cubemaps/FS003/FS003_Sunrise_Cubemap.mat using Guid(bdfc475e919710248bf14d75643fefd2) Importer(2089858483,0ecaa5967403d082aa24f35e1b516d23) Generated GUIDs only implemented for interfaces!
 -> (artifact id: '1cb02b8b9ab5d4456dbb48564ff64a24') in 0.015360 seconds
Number of updated asset objects reloaded before import = 0
Number of asset objects unloaded after import = 7
========================================================================
Received Import Request.
  Time since last request: 0.000016 seconds.
  path: Assets/AssetStore/Fantasy Skybox FREE/Scenes/Demo with terrain
  artifactKey: Guid(dda702a668e5aff4e9f4f3c7ed4c199b) Importer(2089858483,0ecaa5967403d082aa24f35e1b516d23)
Start importing Assets/AssetStore/Fantasy Skybox FREE/Scenes/Demo with terrain using Guid(dda702a668e5aff4e9f4f3c7ed4c199b) Importer(2089858483,0ecaa5967403d082aa24f35e1b516d23) Generated GUIDs only implemented for interfaces!
 -> (artifact id: '3c1f48bee0ce8a3d42a4bbff885b1f62') in 0.007127 seconds
Number of updated asset objects reloaded before import = 0
Number of asset objects unloaded after import = 1
========================================================================
Received Import Request.
  Time since last request: 0.000015 seconds.
  path: Assets/AssetStore/Fantasy Skybox FREE/Cubemaps/FS003/Images/FS003_Day_Cubemap_back.png
  artifactKey: Guid(053862ed1dc452242a15c437adaee625) Importer(2089858483,0ecaa5967403d082aa24f35e1b516d23)
Start importing Assets/AssetStore/Fantasy Skybox FREE/Cubemaps/FS003/Images/FS003_Day_Cubemap_back.png using Guid(053862ed1dc452242a15c437adaee625) Importer(2089858483,0ecaa5967403d082aa24f35e1b516d23) Generated GUIDs only implemented for interfaces!
 -> (artifact id: 'f29217cd4423c2b2c020a86816167e11') in 0.019687 seconds
Number of updated asset objects reloaded before import = 0
Number of asset objects unloaded after import = 1
========================================================================
Received Import Request.
  Time since last request: 0.000016 seconds.
  path: Assets/AssetStore/Fantasy Skybox FREE/Cubemaps
  artifactKey: Guid(b40198e48fec1db4ba2bdbb96a9e1e9b) Importer(2089858483,0ecaa5967403d082aa24f35e1b516d23)
Start importing Assets/AssetStore/Fantasy Skybox FREE/Cubemaps using Guid(b40198e48fec1db4ba2bdbb96a9e1e9b) Importer(2089858483,0ecaa5967403d082aa24f35e1b516d23) Generated GUIDs only implemented for interfaces!
 -> (artifact id: 'a1be8de5edd5b4fa58bbc937dae1d382') in 0.008026 seconds
Number of updated asset objects reloaded before import = 0
Number of asset objects unloaded after import = 1
========================================================================
Received Import Request.
  Time since last request: 0.000021 seconds.
  path: Assets/AssetStore/Fantasy Skybox FREE/Panoramics/FS017/FS017_Day.mat
  artifactKey: Guid(0d5771081eb9abb43b1792b52260d914) Importer(2089858483,0ecaa5967403d082aa24f35e1b516d23)
Start importing Assets/AssetStore/Fantasy Skybox FREE/Panoramics/FS017/FS017_Day.mat using Guid(0d5771081eb9abb43b1792b52260d914) Importer(2089858483,0ecaa5967403d082aa24f35e1b516d23) Generated GUIDs only implemented for interfaces!
 -> (artifact id: '709b5a7362d2f5d9bd0b9c20144c3243') in 0.014496 seconds
Number of updated asset objects reloaded before import = 0
Number of asset objects unloaded after import = 2
========================================================================
Received Import Request.
  Time since last request: 0.000015 seconds.
  path: Assets/AssetStore/Fantasy Skybox FREE/Cubemaps/FS013/Images/FS013_Sunrise_Cubemap_down.png
  artifactKey: Guid(b3e3bc890f9d6734492a28bf6942516b) Importer(2089858483,0ecaa5967403d082aa24f35e1b516d23)
Start importing Assets/AssetStore/Fantasy Skybox FREE/Cubemaps/FS013/Images/FS013_Sunrise_Cubemap_down.png using Guid(b3e3bc890f9d6734492a28bf6942516b) Importer(2089858483,0ecaa5967403d082aa24f35e1b516d23) Generated GUIDs only implemented for interfaces!
 -> (artifact id: 'eb39ed4b2f3c468e563f4722e8d6c74d') in 0.019420 seconds
Number of updated asset objects reloaded before import = 0
Number of asset objects unloaded after import = 1
========================================================================
Received Import Request.
  Time since last request: 0.000015 seconds.
  path: Assets/AssetStore/Fantasy Skybox FREE/Cubemaps/FS017/Images/FS017_Night_Cubemap_left.png
  artifactKey: Guid(1f3d7c575615c0347aa51d0bc22f1567) Importer(2089858483,0ecaa5967403d082aa24f35e1b516d23)
Start importing Assets/AssetStore/Fantasy Skybox FREE/Cubemaps/FS017/Images/FS017_Night_Cubemap_left.png using Guid(1f3d7c575615c0347aa51d0bc22f1567) Importer(2089858483,0ecaa5967403d082aa24f35e1b516d23) Generated GUIDs only implemented for interfaces!
 -> (artifact id: '4605db8d5ad3907e751c8d5a07bdc47c') in 0.031279 seconds
Number of updated asset objects reloaded before import = 0
Number of asset objects unloaded after import = 1
========================================================================
Received Import Request.
  Time since last request: 0.000018 seconds.
  path: Assets/AssetStore/Fantasy Skybox FREE/Cubemaps/FS017/Images/FS017_Night_Cubemap.cubemap
  artifactKey: Guid(6e79ade78c22a8f4d8a1383480696763) Importer(2089858483,0ecaa5967403d082aa24f35e1b516d23)
Start importing Assets/AssetStore/Fantasy Skybox FREE/Cubemaps/FS017/Images/FS017_Night_Cubemap.cubemap using Guid(6e79ade78c22a8f4d8a1383480696763) Importer(2089858483,0ecaa5967403d082aa24f35e1b516d23) Generated GUIDs only implemented for interfaces!
 -> (artifact id: '1d4d8fcf442ec8a5b55c952b25c0d218') in 0.195310 seconds
Number of updated asset objects reloaded before import = 0
Number of asset objects unloaded after import = 1
========================================================================
Received Import Request.
  Time since last request: 0.000017 seconds.
  path: Assets/AssetStore/Fantasy Skybox FREE/Cubemaps/FS013/Images/FS013_Day_Sunless_Cubemap_front.png
  artifactKey: Guid(53f7900a1eb1bb847acc0a249460b325) Importer(2089858483,0ecaa5967403d082aa24f35e1b516d23)
Start importing Assets/AssetStore/Fantasy Skybox FREE/Cubemaps/FS013/Images/FS013_Day_Sunless_Cubemap_front.png using Guid(53f7900a1eb1bb847acc0a249460b325) Importer(2089858483,0ecaa5967403d082aa24f35e1b516d23) Generated GUIDs only implemented for interfaces!
 -> (artifact id: 'bb644618f5ac4402bedc652bd8f9d614') in 0.022045 seconds
Number of updated asset objects reloaded before import = 0
Number of asset objects unloaded after import = 1
========================================================================
Received Import Request.
  Time since last request: 0.000026 seconds.
  path: Assets/AssetStore/Fantasy Skybox FREE/Scenes/Demo without test terrain.unity
  artifactKey: Guid(12c6f44bbd4eef541a925ea029b57f07) Importer(2089858483,0ecaa5967403d082aa24f35e1b516d23)
Start importing Assets/AssetStore/Fantasy Skybox FREE/Scenes/Demo without test terrain.unity using Guid(12c6f44bbd4eef541a925ea029b57f07) Importer(2089858483,0ecaa5967403d082aa24f35e1b516d23) Generated GUIDs only implemented for interfaces!
 -> (artifact id: '955457dcbbe1a8c01fbd4b0441ca04be') in 0.008743 seconds
Number of updated asset objects reloaded before import = 0
Number of asset objects unloaded after import = 1
========================================================================
Received Import Request.
  Time since last request: 0.000016 seconds.
  path: Assets/AssetStore/Fantasy Skybox FREE/Panoramics/FS013
  artifactKey: Guid(f11fc5ca5a0603d4f96f98c92e7cb7f2) Importer(2089858483,0ecaa5967403d082aa24f35e1b516d23)
Start importing Assets/AssetStore/Fantasy Skybox FREE/Panoramics/FS013 using Guid(f11fc5ca5a0603d4f96f98c92e7cb7f2) Importer(2089858483,0ecaa5967403d082aa24f35e1b516d23) Generated GUIDs only implemented for interfaces!
 -> (artifact id: '0a08da3864a19b17d4a0ea4d3c29f010') in 0.007835 seconds
Number of updated asset objects reloaded before import = 0
Number of asset objects unloaded after import = 1
========================================================================
Received Import Request.
  Time since last request: 0.000018 seconds.
  path: Assets/AssetStore/Fantasy Skybox FREE/Cubemaps/FS002/Images
  artifactKey: Guid(5b2d5485e96a77647ba075f272f9dbe0) Importer(2089858483,0ecaa5967403d082aa24f35e1b516d23)
Start importing Assets/AssetStore/Fantasy Skybox FREE/Cubemaps/FS002/Images using Guid(5b2d5485e96a77647ba075f272f9dbe0) Importer(2089858483,0ecaa5967403d082aa24f35e1b516d23) Generated GUIDs only implemented for interfaces!
 -> (artifact id: '0bd40335ff8c04ac94ea3429016a4251') in 0.007831 seconds
Number of updated asset objects reloaded before import = 0
Number of asset objects unloaded after import = 1
========================================================================
Received Import Request.
  Time since last request: 0.000014 seconds.
  path: Assets/AssetStore/Fantasy Skybox FREE/Cubemaps/FS003/Images/FS003_Sunrise_Cubemap_right.png
  artifactKey: Guid(d29681cd30115eb43932f180434489fc) Importer(2089858483,0ecaa5967403d082aa24f35e1b516d23)
Start importing Assets/AssetStore/Fantasy Skybox FREE/Cubemaps/FS003/Images/FS003_Sunrise_Cubemap_right.png using Guid(d29681cd30115eb43932f180434489fc) Importer(2089858483,0ecaa5967403d082aa24f35e1b516d23) Generated GUIDs only implemented for interfaces!
 -> (artifact id: '9a1307c34a6cff62165c6f25b196a79e') in 0.019809 seconds
Number of updated asset objects reloaded before import = 0
Number of asset objects unloaded after import = 1
========================================================================
Received Import Request.
  Time since last request: 0.000017 seconds.
  path: Assets/AssetStore/Fantasy Skybox FREE/Cubemaps/FS017/Images/FS017_Snowy_Cubemap_down.png
  artifactKey: Guid(4e02c0aa4e5d3bb43a2b009383b40603) Importer(2089858483,0ecaa5967403d082aa24f35e1b516d23)
Start importing Assets/AssetStore/Fantasy Skybox FREE/Cubemaps/FS017/Images/FS017_Snowy_Cubemap_down.png using Guid(4e02c0aa4e5d3bb43a2b009383b40603) Importer(2089858483,0ecaa5967403d082aa24f35e1b516d23) Generated GUIDs only implemented for interfaces!
 -> (artifact id: 'fca965f67c57f2407ff093d8d7fac2ed') in 0.029173 seconds
Number of updated asset objects reloaded before import = 0
Number of asset objects unloaded after import = 1
========================================================================
Received Import Request.
  Time since last request: 0.000019 seconds.
  path: Assets/AssetStore/Fantasy Skybox FREE/Cubemaps/Classic/FS000_Day_02_Sunless.mat
  artifactKey: Guid(99a400087584f4263b1a8979d6007ad4) Importer(2089858483,0ecaa5967403d082aa24f35e1b516d23)
Start importing Assets/AssetStore/Fantasy Skybox FREE/Cubemaps/Classic/FS000_Day_02_Sunless.mat using Guid(99a400087584f4263b1a8979d6007ad4) Importer(2089858483,0ecaa5967403d082aa24f35e1b516d23) Generated GUIDs only implemented for interfaces!
 -> (artifact id: 'd970c0e02137d9c864e63a63c4626713') in 0.012384 seconds
Number of updated asset objects reloaded before import = 0
Number of asset objects unloaded after import = 2
========================================================================
Received Import Request.
  Time since last request: 0.000016 seconds.
  path: Assets/AssetStore/Fantasy Skybox FREE/Cubemaps/Classic/FS000_Day_01.png
  artifactKey: Guid(1331a26d2843a1148a23d5ddc81629dc) Importer(2089858483,0ecaa5967403d082aa24f35e1b516d23)
Start importing Assets/AssetStore/Fantasy Skybox FREE/Cubemaps/Classic/FS000_Day_01.png using Guid(1331a26d2843a1148a23d5ddc81629dc) Importer(2089858483,0ecaa5967403d082aa24f35e1b516d23) Generated GUIDs only implemented for interfaces!
 -> (artifact id: '5006d833481f320ad6cb068392db3d50') in 0.021535 seconds
Number of updated asset objects reloaded before import = 0
Number of asset objects unloaded after import = 1
========================================================================
Received Import Request.
  Time since last request: 0.000021 seconds.
  path: Assets/AssetStore/Fantasy Skybox FREE/Cubemaps/FS017
  artifactKey: Guid(3dd001382e7c0d74ebc4adeb628f7627) Importer(2089858483,0ecaa5967403d082aa24f35e1b516d23)
Start importing Assets/AssetStore/Fantasy Skybox FREE/Cubemaps/FS017 using Guid(3dd001382e7c0d74ebc4adeb628f7627) Importer(2089858483,0ecaa5967403d082aa24f35e1b516d23) Generated GUIDs only implemented for interfaces!
 -> (artifact id: '3a37ffeec7fbac0c6db192aa524db2ab') in 0.009536 seconds
Number of updated asset objects reloaded before import = 0
Number of asset objects unloaded after import = 1
========================================================================
Received Import Request.
  Time since last request: 0.000021 seconds.
  path: Assets/AssetStore/Fantasy Skybox FREE/Panoramics/FS003/FS003_Sunrise.png
  artifactKey: Guid(c15e36d3819e8d14ab21ab119e3fd4a7) Importer(2089858483,0ecaa5967403d082aa24f35e1b516d23)
Start importing Assets/AssetStore/Fantasy Skybox FREE/Panoramics/FS003/FS003_Sunrise.png using Guid(c15e36d3819e8d14ab21ab119e3fd4a7) Importer(2089858483,0ecaa5967403d082aa24f35e1b516d23) Generated GUIDs only implemented for interfaces!
 -> (artifact id: '8f0ac3996a4e3a1f805f6402ecffbbe2') in 0.024715 seconds
Number of updated asset objects reloaded before import = 0
Number of asset objects unloaded after import = 1
========================================================================
Received Import Request.
  Time since last request: 0.000019 seconds.
  path: Assets/AssetStore/Fantasy Skybox FREE/Cubemaps/Classic/FS000_Day_03_Sunless.mat
  artifactKey: Guid(8f2c8ef98c47442d4b0e1896539bf7f1) Importer(2089858483,0ecaa5967403d082aa24f35e1b516d23)
Start importing Assets/AssetStore/Fantasy Skybox FREE/Cubemaps/Classic/FS000_Day_03_Sunless.mat using Guid(8f2c8ef98c47442d4b0e1896539bf7f1) Importer(2089858483,0ecaa5967403d082aa24f35e1b516d23) Generated GUIDs only implemented for interfaces!
 -> (artifact id: '8d15104d3d39c9f35d3f63d9d57a9e93') in 0.011534 seconds
Number of updated asset objects reloaded before import = 0
Number of asset objects unloaded after import = 2
========================================================================
Received Import Request.
  Time since last request: 0.000023 seconds.
  path: Assets/AssetStore/Fantasy Skybox FREE/Cubemaps/Classic/FS000_Day_05_Sunless.mat
  artifactKey: Guid(eea6dc32b86944868a305f6c94f8d7e4) Importer(2089858483,0ecaa5967403d082aa24f35e1b516d23)
Start importing Assets/AssetStore/Fantasy Skybox FREE/Cubemaps/Classic/FS000_Day_05_Sunless.mat using Guid(eea6dc32b86944868a305f6c94f8d7e4) Importer(2089858483,0ecaa5967403d082aa24f35e1b516d23) Generated GUIDs only implemented for interfaces!
 -> (artifact id: 'd87f56040ca1512759d1c3b2a9114b17') in 0.011591 seconds
Number of updated asset objects reloaded before import = 0
Number of asset objects unloaded after import = 2
========================================================================
Received Import Request.
  Time since last request: 0.000014 seconds.
  path: Assets/AssetStore/Fantasy Skybox FREE/Panoramics/FS002/FS002_Sunrise.mat
  artifactKey: Guid(7c86d4abbd33b564b9e773aceadb8572) Importer(2089858483,0ecaa5967403d082aa24f35e1b516d23)
Start importing Assets/AssetStore/Fantasy Skybox FREE/Panoramics/FS002/FS002_Sunrise.mat using Guid(7c86d4abbd33b564b9e773aceadb8572) Importer(2089858483,0ecaa5967403d082aa24f35e1b516d23) Generated GUIDs only implemented for interfaces!
 -> (artifact id: '703f97e6a12c977bf8aad634d29549eb') in 0.011014 seconds
Number of updated asset objects reloaded before import = 0
Number of asset objects unloaded after import = 2
========================================================================
Received Import Request.
  Time since last request: 0.000016 seconds.
  path: Assets/AssetStore/Fantasy Skybox FREE/Cubemaps/Classic/FS000_Day_02.png
  artifactKey: Guid(88c467166db994146961f1ecc5fc214e) Importer(2089858483,0ecaa5967403d082aa24f35e1b516d23)
Start importing Assets/AssetStore/Fantasy Skybox FREE/Cubemaps/Classic/FS000_Day_02.png using Guid(88c467166db994146961f1ecc5fc214e) Importer(2089858483,0ecaa5967403d082aa24f35e1b516d23) Generated GUIDs only implemented for interfaces!
 -> (artifact id: '29084f760e8dbd8f2e5dfb9ea86860fd') in 0.026878 seconds
Number of updated asset objects reloaded before import = 0
Number of asset objects unloaded after import = 1
========================================================================
Received Import Request.
  Time since last request: 0.000020 seconds.
  path: Assets/AssetStore/Fantasy Skybox FREE/Cubemaps/FS002/Images/FS002_Sunrise_Cubemap_front.png
  artifactKey: Guid(3af64c6c8b148e742a850fa606a286b0) Importer(2089858483,0ecaa5967403d082aa24f35e1b516d23)
Start importing Assets/AssetStore/Fantasy Skybox FREE/Cubemaps/FS002/Images/FS002_Sunrise_Cubemap_front.png using Guid(3af64c6c8b148e742a850fa606a286b0) Importer(2089858483,0ecaa5967403d082aa24f35e1b516d23) Generated GUIDs only implemented for interfaces!
 -> (artifact id: 'bf7dbfbf1c810c78b4e3a0dfcf54f63e') in 0.019223 seconds
Number of updated asset objects reloaded before import = 0
Number of asset objects unloaded after import = 1
========================================================================
Received Import Request.
  Time since last request: 0.000020 seconds.
  path: Assets/AssetStore/Fantasy Skybox FREE/Cubemaps/FS003/Images/FS003_Day_Sunless_Cubemap_front.png
  artifactKey: Guid(7bcf5c7e04de167409e5b6afd758bb63) Importer(2089858483,0ecaa5967403d082aa24f35e1b516d23)
Start importing Assets/AssetStore/Fantasy Skybox FREE/Cubemaps/FS003/Images/FS003_Day_Sunless_Cubemap_front.png using Guid(7bcf5c7e04de167409e5b6afd758bb63) Importer(2089858483,0ecaa5967403d082aa24f35e1b516d23) Generated GUIDs only implemented for interfaces!
 -> (artifact id: '6cf050a45456a97c5eb7385b1144f2d6') in 0.021618 seconds
Number of updated asset objects reloaded before import = 0
Number of asset objects unloaded after import = 1
========================================================================
Received Import Request.
  Time since last request: 0.000017 seconds.
  path: Assets/AssetStore/Fantasy Skybox FREE/Panoramics/FS013/FS013_Night.png
  artifactKey: Guid(134608dbb5b4b3e458e3567b13281134) Importer(2089858483,0ecaa5967403d082aa24f35e1b516d23)
Start importing Assets/AssetStore/Fantasy Skybox FREE/Panoramics/FS013/FS013_Night.png using Guid(134608dbb5b4b3e458e3567b13281134) Importer(2089858483,0ecaa5967403d082aa24f35e1b516d23) Generated GUIDs only implemented for interfaces!
 -> (artifact id: 'e0ae53034e7018bb2a24ed0d807afa13') in 0.019235 seconds
Number of updated asset objects reloaded before import = 0
Number of asset objects unloaded after import = 1
========================================================================
Received Import Request.
  Time since last request: 0.000014 seconds.
  path: Assets/AssetStore/Fantasy Skybox FREE/Cubemaps/FS003
  artifactKey: Guid(9f00fc5df5afd114681788f8867341b2) Importer(2089858483,0ecaa5967403d082aa24f35e1b516d23)
Start importing Assets/AssetStore/Fantasy Skybox FREE/Cubemaps/FS003 using Guid(9f00fc5df5afd114681788f8867341b2) Importer(2089858483,0ecaa5967403d082aa24f35e1b516d23) Generated GUIDs only implemented for interfaces!
 -> (artifact id: 'd14d70d944ded39cb09ffe83fb15d880') in 0.007113 seconds
Number of updated asset objects reloaded before import = 0
Number of asset objects unloaded after import = 1
========================================================================
Received Import Request.
  Time since last request: 0.000019 seconds.
  path: Assets/AssetStore/Fantasy Skybox FREE/Cubemaps/FS013/Images/FS013_Snowy_Cubemap.cubemap
  artifactKey: Guid(467e99ebe4fb3364fb42faadeb1d8ea1) Importer(2089858483,0ecaa5967403d082aa24f35e1b516d23)
Start importing Assets/AssetStore/Fantasy Skybox FREE/Cubemaps/FS013/Images/FS013_Snowy_Cubemap.cubemap using Guid(467e99ebe4fb3364fb42faadeb1d8ea1) Importer(2089858483,0ecaa5967403d082aa24f35e1b516d23) Generated GUIDs only implemented for interfaces!
 -> (artifact id: 'e9f677de91f001004ab47a31afe51698') in 0.196574 seconds
Number of updated asset objects reloaded before import = 0
Number of asset objects unloaded after import = 1
========================================================================
Received Import Request.
  Time since last request: 0.000017 seconds.
  path: Assets/AssetStore/Fantasy Skybox FREE/Cubemaps/FS013
  artifactKey: Guid(3848a36747418694a971cf5c9d659486) Importer(2089858483,0ecaa5967403d082aa24f35e1b516d23)
Start importing Assets/AssetStore/Fantasy Skybox FREE/Cubemaps/FS013 using Guid(3848a36747418694a971cf5c9d659486) Importer(2089858483,0ecaa5967403d082aa24f35e1b516d23) Generated GUIDs only implemented for interfaces!
 -> (artifact id: '93021d444fe23cd101ec3aa24922a0a4') in 0.008029 seconds
Number of updated asset objects reloaded before import = 0
Number of asset objects unloaded after import = 1
========================================================================
Received Import Request.
  Time since last request: 0.000029 seconds.
  path: Assets/AssetStore/Fantasy Skybox FREE/Panoramics/FS003
  artifactKey: Guid(19ee5fc36da208d45b86eb47e0f34cbd) Importer(2089858483,0ecaa5967403d082aa24f35e1b516d23)
Start importing Assets/AssetStore/Fantasy Skybox FREE/Panoramics/FS003 using Guid(19ee5fc36da208d45b86eb47e0f34cbd) Importer(2089858483,0ecaa5967403d082aa24f35e1b516d23) Generated GUIDs only implemented for interfaces!
 -> (artifact id: '8d7b44fa12227bcf4d1342096ee4a5bb') in 0.008497 seconds
Number of updated asset objects reloaded before import = 0
Number of asset objects unloaded after import = 1
========================================================================
Received Import Request.
  Time since last request: 0.000018 seconds.
  path: Assets/AssetStore/Fantasy Skybox FREE/Cubemaps/FS013/Images/FS013_Snowy_Cubemap_right.png
  artifactKey: Guid(5c46f2542d5351644a55816853af44c9) Importer(2089858483,0ecaa5967403d082aa24f35e1b516d23)
Start importing Assets/AssetStore/Fantasy Skybox FREE/Cubemaps/FS013/Images/FS013_Snowy_Cubemap_right.png using Guid(5c46f2542d5351644a55816853af44c9) Importer(2089858483,0ecaa5967403d082aa24f35e1b516d23) Generated GUIDs only implemented for interfaces!
 -> (artifact id: '8a920b429e07536861765a5c5617a883') in 0.018230 seconds
Number of updated asset objects reloaded before import = 0
Number of asset objects unloaded after import = 1
Editor requested this worker to shutdown with reason: Scaling down because of idle timeout
TcpMessagingSession - receive error: operation aborted. errorcode: 995, details: Operacja We/Wy zostaa przerwana z powodu zakoczenia wtku lub dania aplikacji.
AssetImportWorker is now disconnected from the server
Process exiting
Exiting without the bug reporter. Application will terminate with return code 0